Looking for images in '9'
Looking for images in '13'
Looking for images in '12'
Looking for images in '15'
Looking for images in '21'
Looking for images in '4'
Looking for images in '11'
Looking for images in '8'
Looking for images in '10'
Looking for images in '1'
Looking for images in '17'
Looking for images in '18'
Looking for images in '7'
Looking for images in '6'
Looking for images in '14'
Looking for images in '20'
Looking for images in '2'
Looking for images in '22'
100 bottleneck files created.
200 bottleneck files created.
300 bottleneck files created.
400 bottleneck files created.
500 bottleneck files created.
600 bottleneck files created.
700 bottleneck files created.
800 bottleneck files created.
900 bottleneck files created.
1000 bottleneck files created.
1100 bottleneck files created.
1200 bottleneck files created.
1300 bottleneck files created.
1400 bottleneck files created.
1500 bottleneck files created.
1600 bottleneck files created.
1700 bottleneck files created.
1800 bottleneck files created.
1900 bottleneck files created.
2000 bottleneck files created.
2100 bottleneck files created.
2200 bottleneck files created.
2300 bottleneck files created.
2400 bottleneck files created.
2500 bottleneck files created.
2600 bottleneck files created.
2700 bottleneck files created.
2800 bottleneck files created.
2017-03-13 14:27:45.366500: Step 0: Train accuracy = 12.0%
2017-03-13 14:27:45.366556: Step 0: Cross entropy = 2.838235
2017-03-13 14:27:45.431847: Step 0: Validation accuracy = 5.0% (N=100)
2017-03-13 14:27:46.182078: Step 10: Train accuracy = 16.0%
2017-03-13 14:27:46.182154: Step 10: Cross entropy = 2.776244
2017-03-13 14:27:46.282727: Step 10: Validation accuracy = 17.0% (N=100)
2017-03-13 14:27:47.002026: Step 20: Train accuracy = 33.0%
2017-03-13 14:27:47.002076: Step 20: Cross entropy = 2.707280
2017-03-13 14:27:47.062266: Step 20: Validation accuracy = 25.0% (N=100)
2017-03-13 14:27:47.657398: Step 30: Train accuracy = 28.0%
2017-03-13 14:27:47.657468: Step 30: Cross entropy = 2.649416
2017-03-13 14:27:47.766147: Step 30: Validation accuracy = 32.0% (N=100)
2017-03-13 14:27:48.689152: Step 40: Train accuracy = 38.0%
2017-03-13 14:27:48.689328: Step 40: Cross entropy = 2.556260
2017-03-13 14:27:48.799938: Step 40: Validation accuracy = 35.0% (N=100)
2017-03-13 14:27:49.482985: Step 50: Train accuracy = 43.0%
2017-03-13 14:27:49.483035: Step 50: Cross entropy = 2.442193
2017-03-13 14:27:49.540270: Step 50: Validation accuracy = 44.0% (N=100)
2017-03-13 14:27:50.307472: Step 60: Train accuracy = 58.0%
2017-03-13 14:27:50.307524: Step 60: Cross entropy = 2.406806
2017-03-13 14:27:50.364724: Step 60: Validation accuracy = 54.0% (N=100)
2017-03-13 14:27:51.160598: Step 70: Train accuracy = 38.0%
2017-03-13 14:27:51.160650: Step 70: Cross entropy = 2.449789
2017-03-13 14:27:51.220981: Step 70: Validation accuracy = 34.0% (N=100)
2017-03-13 14:27:51.825388: Step 80: Train accuracy = 43.0%
2017-03-13 14:27:51.825472: Step 80: Cross entropy = 2.411366
2017-03-13 14:27:51.886412: Step 80: Validation accuracy = 42.0% (N=100)
2017-03-13 14:27:52.474005: Step 90: Train accuracy = 47.0%
2017-03-13 14:27:52.474051: Step 90: Cross entropy = 2.315943
2017-03-13 14:27:52.529183: Step 90: Validation accuracy = 41.0% (N=100)
2017-03-13 14:27:53.336461: Step 100: Train accuracy = 52.0%
2017-03-13 14:27:53.336512: Step 100: Cross entropy = 2.320818
2017-03-13 14:27:53.396451: Step 100: Validation accuracy = 54.0% (N=100)
2017-03-13 14:27:54.212800: Step 110: Train accuracy = 47.0%
2017-03-13 14:27:54.212880: Step 110: Cross entropy = 2.339191
2017-03-13 14:27:54.323336: Step 110: Validation accuracy = 54.0% (N=100)
2017-03-13 14:27:55.220519: Step 120: Train accuracy = 49.0%
2017-03-13 14:27:55.220575: Step 120: Cross entropy = 2.257002
2017-03-13 14:27:55.282347: Step 120: Validation accuracy = 46.0% (N=100)
2017-03-13 14:27:56.155878: Step 130: Train accuracy = 55.0%
2017-03-13 14:27:56.155968: Step 130: Cross entropy = 2.118274
2017-03-13 14:27:56.270600: Step 130: Validation accuracy = 46.0% (N=100)
2017-03-13 14:27:56.883583: Step 140: Train accuracy = 46.0%
2017-03-13 14:27:56.883631: Step 140: Cross entropy = 2.247475
2017-03-13 14:27:56.943769: Step 140: Validation accuracy = 48.0% (N=100)
2017-03-13 14:27:57.770357: Step 150: Train accuracy = 50.0%
2017-03-13 14:27:57.770435: Step 150: Cross entropy = 2.104021
2017-03-13 14:27:57.874793: Step 150: Validation accuracy = 48.0% (N=100)
2017-03-13 14:27:58.583442: Step 160: Train accuracy = 51.0%
2017-03-13 14:27:58.583494: Step 160: Cross entropy = 2.097251
2017-03-13 14:27:58.644307: Step 160: Validation accuracy = 57.0% (N=100)
2017-03-13 14:27:59.478787: Step 170: Train accuracy = 55.0%
2017-03-13 14:27:59.478845: Step 170: Cross entropy = 2.067620
2017-03-13 14:27:59.559824: Step 170: Validation accuracy = 47.0% (N=100)
2017-03-13 14:28:00.222226: Step 180: Train accuracy = 58.0%
2017-03-13 14:28:00.222277: Step 180: Cross entropy = 1.978731
2017-03-13 14:28:00.277237: Step 180: Validation accuracy = 50.0% (N=100)
2017-03-13 14:28:00.931635: Step 190: Train accuracy = 57.0%
2017-03-13 14:28:00.931717: Step 190: Cross entropy = 2.003277
2017-03-13 14:28:01.029056: Step 190: Validation accuracy = 60.0% (N=100)
2017-03-13 14:28:01.739674: Step 200: Train accuracy = 54.0%
2017-03-13 14:28:01.739734: Step 200: Cross entropy = 1.949154
2017-03-13 14:28:01.817633: Step 200: Validation accuracy = 55.0% (N=100)
2017-03-13 14:28:02.519461: Step 210: Train accuracy = 53.0%
2017-03-13 14:28:02.519511: Step 210: Cross entropy = 1.972501
2017-03-13 14:28:02.577876: Step 210: Validation accuracy = 49.0% (N=100)
2017-03-13 14:28:03.285367: Step 220: Train accuracy = 51.0%
2017-03-13 14:28:03.285422: Step 220: Cross entropy = 2.015999
2017-03-13 14:28:03.348326: Step 220: Validation accuracy = 63.0% (N=100)
2017-03-13 14:28:04.111394: Step 230: Train accuracy = 58.0%
2017-03-13 14:28:04.111458: Step 230: Cross entropy = 1.910278
2017-03-13 14:28:04.187826: Step 230: Validation accuracy = 58.0% (N=100)
2017-03-13 14:28:04.910415: Step 240: Train accuracy = 56.0%
2017-03-13 14:28:04.910504: Step 240: Cross entropy = 1.886247
2017-03-13 14:28:05.032935: Step 240: Validation accuracy = 51.0% (N=100)
2017-03-13 14:28:05.758431: Step 250: Train accuracy = 58.0%
2017-03-13 14:28:05.758509: Step 250: Cross entropy = 1.887204
2017-03-13 14:28:05.871204: Step 250: Validation accuracy = 58.0% (N=100)
2017-03-13 14:28:06.553447: Step 260: Train accuracy = 59.0%
2017-03-13 14:28:06.553508: Step 260: Cross entropy = 1.822577
2017-03-13 14:28:06.616516: Step 260: Validation accuracy = 46.0% (N=100)
2017-03-13 14:28:07.259134: Step 270: Train accuracy = 55.0%
2017-03-13 14:28:07.259183: Step 270: Cross entropy = 1.945753
2017-03-13 14:28:07.316443: Step 270: Validation accuracy = 60.0% (N=100)
2017-03-13 14:28:07.913374: Step 280: Train accuracy = 51.0%
2017-03-13 14:28:07.913452: Step 280: Cross entropy = 1.985613
2017-03-13 14:28:07.971483: Step 280: Validation accuracy = 62.0% (N=100)
2017-03-13 14:28:08.645819: Step 290: Train accuracy = 68.0%
2017-03-13 14:28:08.645869: Step 290: Cross entropy = 1.651037
2017-03-13 14:28:08.710500: Step 290: Validation accuracy = 61.0% (N=100)
2017-03-13 14:28:09.596202: Step 300: Train accuracy = 62.0%
2017-03-13 14:28:09.596271: Step 300: Cross entropy = 1.818540
2017-03-13 14:28:09.703008: Step 300: Validation accuracy = 56.0% (N=100)
2017-03-13 14:28:10.414092: Step 310: Train accuracy = 50.0%
2017-03-13 14:28:10.414147: Step 310: Cross entropy = 1.912207
2017-03-13 14:28:10.478669: Step 310: Validation accuracy = 48.0% (N=100)
2017-03-13 14:28:11.163999: Step 320: Train accuracy = 57.0%
2017-03-13 14:28:11.164048: Step 320: Cross entropy = 1.846040
2017-03-13 14:28:11.224712: Step 320: Validation accuracy = 53.0% (N=100)
2017-03-13 14:28:12.002197: Step 330: Train accuracy = 60.0%
2017-03-13 14:28:12.002282: Step 330: Cross entropy = 1.817809
2017-03-13 14:28:12.117214: Step 330: Validation accuracy = 60.0% (N=100)
2017-03-13 14:28:12.817036: Step 340: Train accuracy = 61.0%
2017-03-13 14:28:12.817124: Step 340: Cross entropy = 1.697246
2017-03-13 14:28:12.895770: Step 340: Validation accuracy = 63.0% (N=100)
2017-03-13 14:28:13.659380: Step 350: Train accuracy = 59.0%
2017-03-13 14:28:13.659431: Step 350: Cross entropy = 1.759635
2017-03-13 14:28:13.720036: Step 350: Validation accuracy = 64.0% (N=100)
2017-03-13 14:28:14.527808: Step 360: Train accuracy = 63.0%
2017-03-13 14:28:14.527865: Step 360: Cross entropy = 1.629430
2017-03-13 14:28:14.592403: Step 360: Validation accuracy = 56.0% (N=100)
2017-03-13 14:28:15.607884: Step 370: Train accuracy = 68.0%
2017-03-13 14:28:15.607938: Step 370: Cross entropy = 1.617923
2017-03-13 14:28:15.673713: Step 370: Validation accuracy = 57.0% (N=100)
2017-03-13 14:28:16.660260: Step 380: Train accuracy = 59.0%
2017-03-13 14:28:16.660333: Step 380: Cross entropy = 1.892222
2017-03-13 14:28:16.763530: Step 380: Validation accuracy = 59.0% (N=100)
2017-03-13 14:28:17.573109: Step 390: Train accuracy = 71.0%
2017-03-13 14:28:17.573192: Step 390: Cross entropy = 1.485171
2017-03-13 14:28:17.674276: Step 390: Validation accuracy = 60.0% (N=100)
2017-03-13 14:28:18.360967: Step 400: Train accuracy = 61.0%
2017-03-13 14:28:18.361042: Step 400: Cross entropy = 1.656436
2017-03-13 14:28:18.468905: Step 400: Validation accuracy = 64.0% (N=100)
2017-03-13 14:28:19.254576: Step 410: Train accuracy = 61.0%
2017-03-13 14:28:19.254629: Step 410: Cross entropy = 1.499649
2017-03-13 14:28:19.312935: Step 410: Validation accuracy = 52.0% (N=100)
2017-03-13 14:28:20.064600: Step 420: Train accuracy = 66.0%
2017-03-13 14:28:20.064652: Step 420: Cross entropy = 1.595621
2017-03-13 14:28:20.122336: Step 420: Validation accuracy = 57.0% (N=100)
2017-03-13 14:28:20.977936: Step 430: Train accuracy = 53.0%
2017-03-13 14:28:20.978017: Step 430: Cross entropy = 1.843590
2017-03-13 14:28:21.095044: Step 430: Validation accuracy = 60.0% (N=100)
2017-03-13 14:28:21.875469: Step 440: Train accuracy = 62.0%
2017-03-13 14:28:21.875555: Step 440: Cross entropy = 1.735309
2017-03-13 14:28:21.980922: Step 440: Validation accuracy = 62.0% (N=100)
2017-03-13 14:28:22.608057: Step 450: Train accuracy = 62.0%
2017-03-13 14:28:22.608118: Step 450: Cross entropy = 1.609314
2017-03-13 14:28:22.668892: Step 450: Validation accuracy = 61.0% (N=100)
2017-03-13 14:28:23.492953: Step 460: Train accuracy = 66.0%
2017-03-13 14:28:23.493022: Step 460: Cross entropy = 1.619908
2017-03-13 14:28:23.574129: Step 460: Validation accuracy = 57.0% (N=100)
2017-03-13 14:28:24.374376: Step 470: Train accuracy = 62.0%
2017-03-13 14:28:24.374438: Step 470: Cross entropy = 1.587076
2017-03-13 14:28:24.447663: Step 470: Validation accuracy = 64.0% (N=100)
2017-03-13 14:28:25.324294: Step 480: Train accuracy = 62.0%
2017-03-13 14:28:25.324377: Step 480: Cross entropy = 1.586762
2017-03-13 14:28:25.392697: Step 480: Validation accuracy = 65.0% (N=100)
2017-03-13 14:28:26.234115: Step 490: Train accuracy = 60.0%
2017-03-13 14:28:26.234195: Step 490: Cross entropy = 1.695240
2017-03-13 14:28:26.348132: Step 490: Validation accuracy = 63.0% (N=100)
2017-03-13 14:28:27.229634: Step 500: Train accuracy = 55.0%
2017-03-13 14:28:27.229717: Step 500: Cross entropy = 1.625202
2017-03-13 14:28:27.295600: Step 500: Validation accuracy = 57.0% (N=100)
2017-03-13 14:28:28.058656: Step 510: Train accuracy = 63.0%
2017-03-13 14:28:28.058728: Step 510: Cross entropy = 1.562339
2017-03-13 14:28:28.150314: Step 510: Validation accuracy = 55.0% (N=100)
2017-03-13 14:28:28.899483: Step 520: Train accuracy = 70.0%
2017-03-13 14:28:28.899538: Step 520: Cross entropy = 1.444718
2017-03-13 14:28:28.958195: Step 520: Validation accuracy = 58.0% (N=100)
2017-03-13 14:28:29.942910: Step 530: Train accuracy = 63.0%
2017-03-13 14:28:29.943031: Step 530: Cross entropy = 1.570426
2017-03-13 14:28:30.058149: Step 530: Validation accuracy = 69.0% (N=100)
2017-03-13 14:28:30.720368: Step 540: Train accuracy = 65.0%
2017-03-13 14:28:30.720419: Step 540: Cross entropy = 1.568648
2017-03-13 14:28:30.778546: Step 540: Validation accuracy = 72.0% (N=100)
2017-03-13 14:28:31.651050: Step 550: Train accuracy = 72.0%
2017-03-13 14:28:31.651140: Step 550: Cross entropy = 1.440968
2017-03-13 14:28:31.754869: Step 550: Validation accuracy = 65.0% (N=100)
2017-03-13 14:28:32.547478: Step 560: Train accuracy = 58.0%
2017-03-13 14:28:32.547537: Step 560: Cross entropy = 1.613878
2017-03-13 14:28:32.615462: Step 560: Validation accuracy = 63.0% (N=100)
2017-03-13 14:28:33.526008: Step 570: Train accuracy = 63.0%
2017-03-13 14:28:33.526072: Step 570: Cross entropy = 1.542119
2017-03-13 14:28:33.600357: Step 570: Validation accuracy = 66.0% (N=100)
2017-03-13 14:28:34.217479: Step 580: Train accuracy = 60.0%
2017-03-13 14:28:34.217528: Step 580: Cross entropy = 1.505411
2017-03-13 14:28:34.275337: Step 580: Validation accuracy = 65.0% (N=100)
2017-03-13 14:28:35.035555: Step 590: Train accuracy = 64.0%
2017-03-13 14:28:35.035620: Step 590: Cross entropy = 1.577898
2017-03-13 14:28:35.108402: Step 590: Validation accuracy = 67.0% (N=100)
2017-03-13 14:28:35.861904: Step 600: Train accuracy = 59.0%
2017-03-13 14:28:35.861979: Step 600: Cross entropy = 1.678466
2017-03-13 14:28:35.970214: Step 600: Validation accuracy = 69.0% (N=100)
2017-03-13 14:28:36.652014: Step 610: Train accuracy = 46.0%
2017-03-13 14:28:36.652103: Step 610: Cross entropy = 1.785392
2017-03-13 14:28:36.732774: Step 610: Validation accuracy = 61.0% (N=100)
2017-03-13 14:28:37.553342: Step 620: Train accuracy = 58.0%
2017-03-13 14:28:37.553422: Step 620: Cross entropy = 1.549470
2017-03-13 14:28:37.667104: Step 620: Validation accuracy = 67.0% (N=100)
2017-03-13 14:28:38.315326: Step 630: Train accuracy = 61.0%
2017-03-13 14:28:38.315405: Step 630: Cross entropy = 1.514815
2017-03-13 14:28:38.429162: Step 630: Validation accuracy = 57.0% (N=100)
2017-03-13 14:28:39.226700: Step 640: Train accuracy = 64.0%
2017-03-13 14:28:39.226771: Step 640: Cross entropy = 1.442271
2017-03-13 14:28:39.320534: Step 640: Validation accuracy = 66.0% (N=100)
2017-03-13 14:28:40.131979: Step 650: Train accuracy = 63.0%
2017-03-13 14:28:40.132031: Step 650: Cross entropy = 1.459835
2017-03-13 14:28:40.193145: Step 650: Validation accuracy = 70.0% (N=100)
2017-03-13 14:28:40.894262: Step 660: Train accuracy = 68.0%
2017-03-13 14:28:40.894315: Step 660: Cross entropy = 1.431717
2017-03-13 14:28:40.952542: Step 660: Validation accuracy = 63.0% (N=100)
2017-03-13 14:28:41.900584: Step 670: Train accuracy = 73.0%
2017-03-13 14:28:41.900636: Step 670: Cross entropy = 1.328423
2017-03-13 14:28:41.959332: Step 670: Validation accuracy = 66.0% (N=100)
2017-03-13 14:28:42.749298: Step 680: Train accuracy = 64.0%
2017-03-13 14:28:42.749360: Step 680: Cross entropy = 1.478567
2017-03-13 14:28:42.812702: Step 680: Validation accuracy = 66.0% (N=100)
2017-03-13 14:28:43.559468: Step 690: Train accuracy = 72.0%
2017-03-13 14:28:43.559537: Step 690: Cross entropy = 1.471106
2017-03-13 14:28:43.647686: Step 690: Validation accuracy = 76.0% (N=100)
2017-03-13 14:28:44.262745: Step 700: Train accuracy = 59.0%
2017-03-13 14:28:44.262807: Step 700: Cross entropy = 1.690987
2017-03-13 14:28:44.324099: Step 700: Validation accuracy = 73.0% (N=100)
2017-03-13 14:28:45.127218: Step 710: Train accuracy = 66.0%
2017-03-13 14:28:45.127267: Step 710: Cross entropy = 1.367393
2017-03-13 14:28:45.187838: Step 710: Validation accuracy = 68.0% (N=100)
2017-03-13 14:28:45.881107: Step 720: Train accuracy = 61.0%
2017-03-13 14:28:45.881183: Step 720: Cross entropy = 1.505968
2017-03-13 14:28:45.990259: Step 720: Validation accuracy = 66.0% (N=100)
2017-03-13 14:28:46.608644: Step 730: Train accuracy = 62.0%
2017-03-13 14:28:46.608695: Step 730: Cross entropy = 1.642794
2017-03-13 14:28:46.666257: Step 730: Validation accuracy = 65.0% (N=100)
2017-03-13 14:28:47.265877: Step 740: Train accuracy = 65.0%
2017-03-13 14:28:47.265921: Step 740: Cross entropy = 1.463007
2017-03-13 14:28:47.320900: Step 740: Validation accuracy = 61.0% (N=100)
2017-03-13 14:28:48.080232: Step 750: Train accuracy = 64.0%
2017-03-13 14:28:48.080284: Step 750: Cross entropy = 1.431647
2017-03-13 14:28:48.141522: Step 750: Validation accuracy = 70.0% (N=100)
2017-03-13 14:28:48.894341: Step 760: Train accuracy = 70.0%
2017-03-13 14:28:48.894411: Step 760: Cross entropy = 1.240507
2017-03-13 14:28:48.973386: Step 760: Validation accuracy = 74.0% (N=100)
2017-03-13 14:28:49.585954: Step 770: Train accuracy = 65.0%
2017-03-13 14:28:49.586035: Step 770: Cross entropy = 1.397134
2017-03-13 14:28:49.703214: Step 770: Validation accuracy = 71.0% (N=100)
2017-03-13 14:28:50.483482: Step 780: Train accuracy = 61.0%
2017-03-13 14:28:50.483533: Step 780: Cross entropy = 1.531438
2017-03-13 14:28:50.544056: Step 780: Validation accuracy = 66.0% (N=100)
2017-03-13 14:28:51.329394: Step 790: Train accuracy = 68.0%
2017-03-13 14:28:51.329446: Step 790: Cross entropy = 1.373646
2017-03-13 14:28:51.387220: Step 790: Validation accuracy = 62.0% (N=100)
2017-03-13 14:28:52.291167: Step 800: Train accuracy = 64.0%
2017-03-13 14:28:52.291222: Step 800: Cross entropy = 1.467804
2017-03-13 14:28:52.357081: Step 800: Validation accuracy = 70.0% (N=100)
2017-03-13 14:28:53.204087: Step 810: Train accuracy = 67.0%
2017-03-13 14:28:53.204157: Step 810: Cross entropy = 1.391078
2017-03-13 14:28:53.287549: Step 810: Validation accuracy = 71.0% (N=100)
2017-03-13 14:28:54.030185: Step 820: Train accuracy = 73.0%
2017-03-13 14:28:54.030237: Step 820: Cross entropy = 1.344354
2017-03-13 14:28:54.088413: Step 820: Validation accuracy = 78.0% (N=100)
2017-03-13 14:28:54.937028: Step 830: Train accuracy = 71.0%
2017-03-13 14:28:54.937079: Step 830: Cross entropy = 1.207752
2017-03-13 14:28:54.995161: Step 830: Validation accuracy = 68.0% (N=100)
2017-03-13 14:28:55.719507: Step 840: Train accuracy = 67.0%
2017-03-13 14:28:55.719567: Step 840: Cross entropy = 1.390535
2017-03-13 14:28:55.791752: Step 840: Validation accuracy = 71.0% (N=100)
2017-03-13 14:28:56.442823: Step 850: Train accuracy = 60.0%
2017-03-13 14:28:56.442883: Step 850: Cross entropy = 1.413091
2017-03-13 14:28:56.511268: Step 850: Validation accuracy = 72.0% (N=100)
2017-03-13 14:28:57.271023: Step 860: Train accuracy = 68.0%
2017-03-13 14:28:57.271074: Step 860: Cross entropy = 1.393678
2017-03-13 14:28:57.330601: Step 860: Validation accuracy = 67.0% (N=100)
2017-03-13 14:28:58.132912: Step 870: Train accuracy = 69.0%
2017-03-13 14:28:58.132973: Step 870: Cross entropy = 1.265507
2017-03-13 14:28:58.215917: Step 870: Validation accuracy = 61.0% (N=100)
2017-03-13 14:28:58.911508: Step 880: Train accuracy = 66.0%
2017-03-13 14:28:58.911563: Step 880: Cross entropy = 1.291499
2017-03-13 14:28:58.972460: Step 880: Validation accuracy = 64.0% (N=100)
2017-03-13 14:28:59.771035: Step 890: Train accuracy = 70.0%
2017-03-13 14:28:59.771110: Step 890: Cross entropy = 1.235906
2017-03-13 14:28:59.874333: Step 890: Validation accuracy = 75.0% (N=100)
2017-03-13 14:29:00.683105: Step 900: Train accuracy = 67.0%
2017-03-13 14:29:00.683185: Step 900: Cross entropy = 1.316127
2017-03-13 14:29:00.790545: Step 900: Validation accuracy = 66.0% (N=100)
2017-03-13 14:29:01.652268: Step 910: Train accuracy = 73.0%
2017-03-13 14:29:01.652320: Step 910: Cross entropy = 1.364918
2017-03-13 14:29:01.711295: Step 910: Validation accuracy = 70.0% (N=100)
2017-03-13 14:29:02.594816: Step 920: Train accuracy = 53.0%
2017-03-13 14:29:02.594903: Step 920: Cross entropy = 1.507213
2017-03-13 14:29:02.664840: Step 920: Validation accuracy = 70.0% (N=100)
2017-03-13 14:29:03.435365: Step 930: Train accuracy = 64.0%
2017-03-13 14:29:03.435416: Step 930: Cross entropy = 1.407899
2017-03-13 14:29:03.497228: Step 930: Validation accuracy = 66.0% (N=100)
2017-03-13 14:29:04.299449: Step 940: Train accuracy = 74.0%
2017-03-13 14:29:04.299506: Step 940: Cross entropy = 1.127531
2017-03-13 14:29:04.360349: Step 940: Validation accuracy = 82.0% (N=100)
2017-03-13 14:29:05.061427: Step 950: Train accuracy = 68.0%
2017-03-13 14:29:05.061479: Step 950: Cross entropy = 1.350742
2017-03-13 14:29:05.119694: Step 950: Validation accuracy = 77.0% (N=100)
2017-03-13 14:29:05.933838: Step 960: Train accuracy = 71.0%
2017-03-13 14:29:05.933906: Step 960: Cross entropy = 1.258437
2017-03-13 14:29:06.030610: Step 960: Validation accuracy = 68.0% (N=100)
2017-03-13 14:29:06.701586: Step 970: Train accuracy = 73.0%
2017-03-13 14:29:06.701668: Step 970: Cross entropy = 1.231297
2017-03-13 14:29:06.817261: Step 970: Validation accuracy = 69.0% (N=100)
2017-03-13 14:29:07.714925: Step 980: Train accuracy = 73.0%
2017-03-13 14:29:07.714999: Step 980: Cross entropy = 1.149506
2017-03-13 14:29:07.775842: Step 980: Validation accuracy = 69.0% (N=100)
2017-03-13 14:29:08.601242: Step 990: Train accuracy = 69.0%
2017-03-13 14:29:08.601301: Step 990: Cross entropy = 1.182893
2017-03-13 14:29:08.668062: Step 990: Validation accuracy = 73.0% (N=100)
2017-03-13 14:29:09.279695: Step 1000: Train accuracy = 68.0%
2017-03-13 14:29:09.279745: Step 1000: Cross entropy = 1.341558
2017-03-13 14:29:09.340234: Step 1000: Validation accuracy = 82.0% (N=100)
2017-03-13 14:29:10.012179: Step 1010: Train accuracy = 71.0%
2017-03-13 14:29:10.012230: Step 1010: Cross entropy = 1.185545
2017-03-13 14:29:10.067443: Step 1010: Validation accuracy = 70.0% (N=100)
2017-03-13 14:29:10.727329: Step 1020: Train accuracy = 80.0%
2017-03-13 14:29:10.727411: Step 1020: Cross entropy = 1.128168
2017-03-13 14:29:10.792844: Step 1020: Validation accuracy = 73.0% (N=100)
2017-03-13 14:29:11.404605: Step 1030: Train accuracy = 73.0%
2017-03-13 14:29:11.404685: Step 1030: Cross entropy = 1.154655
2017-03-13 14:29:11.501618: Step 1030: Validation accuracy = 74.0% (N=100)
2017-03-13 14:29:12.285312: Step 1040: Train accuracy = 61.0%
2017-03-13 14:29:12.285365: Step 1040: Cross entropy = 1.395551
2017-03-13 14:29:12.347289: Step 1040: Validation accuracy = 80.0% (N=100)
2017-03-13 14:29:12.962789: Step 1050: Train accuracy = 58.0%
2017-03-13 14:29:12.962841: Step 1050: Cross entropy = 1.421339
2017-03-13 14:29:13.020880: Step 1050: Validation accuracy = 77.0% (N=100)
2017-03-13 14:29:13.670073: Step 1060: Train accuracy = 75.0%
2017-03-13 14:29:13.670129: Step 1060: Cross entropy = 1.203994
2017-03-13 14:29:13.743664: Step 1060: Validation accuracy = 67.0% (N=100)
2017-03-13 14:29:14.448064: Step 1070: Train accuracy = 65.0%
2017-03-13 14:29:14.448129: Step 1070: Cross entropy = 1.209633
2017-03-13 14:29:14.509323: Step 1070: Validation accuracy = 72.0% (N=100)
2017-03-13 14:29:15.305049: Step 1080: Train accuracy = 69.0%
2017-03-13 14:29:15.305098: Step 1080: Cross entropy = 1.303915
2017-03-13 14:29:15.365405: Step 1080: Validation accuracy = 69.0% (N=100)
2017-03-13 14:29:16.080449: Step 1090: Train accuracy = 72.0%
2017-03-13 14:29:16.080528: Step 1090: Cross entropy = 1.284710
2017-03-13 14:29:16.196602: Step 1090: Validation accuracy = 77.0% (N=100)
2017-03-13 14:29:16.975833: Step 1100: Train accuracy = 64.0%
2017-03-13 14:29:16.975939: Step 1100: Cross entropy = 1.361012
2017-03-13 14:29:17.088242: Step 1100: Validation accuracy = 73.0% (N=100)
2017-03-13 14:29:17.860159: Step 1110: Train accuracy = 66.0%
2017-03-13 14:29:17.860237: Step 1110: Cross entropy = 1.420822
2017-03-13 14:29:17.973727: Step 1110: Validation accuracy = 76.0% (N=100)
2017-03-13 14:29:18.737004: Step 1120: Train accuracy = 64.0%
2017-03-13 14:29:18.737072: Step 1120: Cross entropy = 1.444827
2017-03-13 14:29:18.819540: Step 1120: Validation accuracy = 77.0% (N=100)
2017-03-13 14:29:19.541831: Step 1130: Train accuracy = 77.0%
2017-03-13 14:29:19.541914: Step 1130: Cross entropy = 1.047565
2017-03-13 14:29:19.652526: Step 1130: Validation accuracy = 69.0% (N=100)
2017-03-13 14:29:20.362455: Step 1140: Train accuracy = 72.0%
2017-03-13 14:29:20.362531: Step 1140: Cross entropy = 1.215088
2017-03-13 14:29:20.479635: Step 1140: Validation accuracy = 73.0% (N=100)
2017-03-13 14:29:21.193913: Step 1150: Train accuracy = 61.0%
2017-03-13 14:29:21.193965: Step 1150: Cross entropy = 1.504400
2017-03-13 14:29:21.254611: Step 1150: Validation accuracy = 78.0% (N=100)
2017-03-13 14:29:21.987355: Step 1160: Train accuracy = 63.0%
2017-03-13 14:29:21.987406: Step 1160: Cross entropy = 1.351804
2017-03-13 14:29:22.045888: Step 1160: Validation accuracy = 72.0% (N=100)
2017-03-13 14:29:22.720934: Step 1170: Train accuracy = 70.0%
2017-03-13 14:29:22.720985: Step 1170: Cross entropy = 1.208152
2017-03-13 14:29:22.779426: Step 1170: Validation accuracy = 68.0% (N=100)
2017-03-13 14:29:23.492635: Step 1180: Train accuracy = 66.0%
2017-03-13 14:29:23.492708: Step 1180: Cross entropy = 1.180909
2017-03-13 14:29:23.600581: Step 1180: Validation accuracy = 71.0% (N=100)
2017-03-13 14:29:24.360364: Step 1190: Train accuracy = 77.0%
2017-03-13 14:29:24.360434: Step 1190: Cross entropy = 1.075056
2017-03-13 14:29:24.436988: Step 1190: Validation accuracy = 74.0% (N=100)
2017-03-13 14:29:25.260623: Step 1200: Train accuracy = 78.0%
2017-03-13 14:29:25.260713: Step 1200: Cross entropy = 1.120431
2017-03-13 14:29:25.346678: Step 1200: Validation accuracy = 78.0% (N=100)
2017-03-13 14:29:26.106774: Step 1210: Train accuracy = 64.0%
2017-03-13 14:29:26.106825: Step 1210: Cross entropy = 1.366262
2017-03-13 14:29:26.167515: Step 1210: Validation accuracy = 65.0% (N=100)
2017-03-13 14:29:26.777571: Step 1220: Train accuracy = 71.0%
2017-03-13 14:29:26.777622: Step 1220: Cross entropy = 1.207616
2017-03-13 14:29:26.832692: Step 1220: Validation accuracy = 66.0% (N=100)
2017-03-13 14:29:27.536851: Step 1230: Train accuracy = 69.0%
2017-03-13 14:29:27.536934: Step 1230: Cross entropy = 1.122492
2017-03-13 14:29:27.654281: Step 1230: Validation accuracy = 71.0% (N=100)
2017-03-13 14:29:28.409551: Step 1240: Train accuracy = 73.0%
2017-03-13 14:29:28.409603: Step 1240: Cross entropy = 1.118821
2017-03-13 14:29:28.471980: Step 1240: Validation accuracy = 78.0% (N=100)
2017-03-13 14:29:29.095010: Step 1250: Train accuracy = 66.0%
2017-03-13 14:29:29.095088: Step 1250: Cross entropy = 1.343934
2017-03-13 14:29:29.208555: Step 1250: Validation accuracy = 77.0% (N=100)
2017-03-13 14:29:29.998541: Step 1260: Train accuracy = 74.0%
2017-03-13 14:29:29.998641: Step 1260: Cross entropy = 1.039232
2017-03-13 14:29:30.113225: Step 1260: Validation accuracy = 75.0% (N=100)
2017-03-13 14:29:30.965572: Step 1270: Train accuracy = 75.0%
2017-03-13 14:29:30.965655: Step 1270: Cross entropy = 1.069372
2017-03-13 14:29:31.023857: Step 1270: Validation accuracy = 79.0% (N=100)
2017-03-13 14:29:31.861514: Step 1280: Train accuracy = 74.0%
2017-03-13 14:29:31.861565: Step 1280: Cross entropy = 1.125687
2017-03-13 14:29:31.922535: Step 1280: Validation accuracy = 69.0% (N=100)
2017-03-13 14:29:32.716628: Step 1290: Train accuracy = 72.0%
2017-03-13 14:29:32.716710: Step 1290: Cross entropy = 1.088694
2017-03-13 14:29:32.831909: Step 1290: Validation accuracy = 76.0% (N=100)
2017-03-13 14:29:33.615592: Step 1300: Train accuracy = 65.0%
2017-03-13 14:29:33.615643: Step 1300: Cross entropy = 1.254076
2017-03-13 14:29:33.673787: Step 1300: Validation accuracy = 69.0% (N=100)
2017-03-13 14:29:34.392744: Step 1310: Train accuracy = 76.0%
2017-03-13 14:29:34.392796: Step 1310: Cross entropy = 1.115497
2017-03-13 14:29:34.453401: Step 1310: Validation accuracy = 72.0% (N=100)
2017-03-13 14:29:35.116440: Step 1320: Train accuracy = 75.0%
2017-03-13 14:29:35.116491: Step 1320: Cross entropy = 0.974454
2017-03-13 14:29:35.178282: Step 1320: Validation accuracy = 80.0% (N=100)
2017-03-13 14:29:35.934896: Step 1330: Train accuracy = 77.0%
2017-03-13 14:29:35.934966: Step 1330: Cross entropy = 1.022658
2017-03-13 14:29:35.996256: Step 1330: Validation accuracy = 82.0% (N=100)
2017-03-13 14:29:36.731499: Step 1340: Train accuracy = 70.0%
2017-03-13 14:29:36.731569: Step 1340: Cross entropy = 1.247644
2017-03-13 14:29:36.810094: Step 1340: Validation accuracy = 64.0% (N=100)
2017-03-13 14:29:37.508132: Step 1350: Train accuracy = 65.0%
2017-03-13 14:29:37.508191: Step 1350: Cross entropy = 1.274195
2017-03-13 14:29:37.573339: Step 1350: Validation accuracy = 62.0% (N=100)
2017-03-13 14:29:38.255934: Step 1360: Train accuracy = 77.0%
2017-03-13 14:29:38.255985: Step 1360: Cross entropy = 1.069603
2017-03-13 14:29:38.316058: Step 1360: Validation accuracy = 71.0% (N=100)
2017-03-13 14:29:39.146212: Step 1370: Train accuracy = 68.0%
2017-03-13 14:29:39.146263: Step 1370: Cross entropy = 1.263346
2017-03-13 14:29:39.206897: Step 1370: Validation accuracy = 71.0% (N=100)
2017-03-13 14:29:39.814056: Step 1380: Train accuracy = 67.0%
2017-03-13 14:29:39.814102: Step 1380: Cross entropy = 1.232552
2017-03-13 14:29:39.869699: Step 1380: Validation accuracy = 67.0% (N=100)
2017-03-13 14:29:40.771952: Step 1390: Train accuracy = 65.0%
2017-03-13 14:29:40.772001: Step 1390: Cross entropy = 1.210621
2017-03-13 14:29:40.829065: Step 1390: Validation accuracy = 81.0% (N=100)
2017-03-13 14:29:41.596111: Step 1400: Train accuracy = 72.0%
2017-03-13 14:29:41.596189: Step 1400: Cross entropy = 1.302566
2017-03-13 14:29:41.703361: Step 1400: Validation accuracy = 71.0% (N=100)
2017-03-13 14:29:42.474519: Step 1410: Train accuracy = 72.0%
2017-03-13 14:29:42.474571: Step 1410: Cross entropy = 1.183742
2017-03-13 14:29:42.533197: Step 1410: Validation accuracy = 78.0% (N=100)
2017-03-13 14:29:43.364386: Step 1420: Train accuracy = 77.0%
2017-03-13 14:29:43.364457: Step 1420: Cross entropy = 0.997974
2017-03-13 14:29:43.442814: Step 1420: Validation accuracy = 70.0% (N=100)
2017-03-13 14:29:44.081733: Step 1430: Train accuracy = 74.0%
2017-03-13 14:29:44.081782: Step 1430: Cross entropy = 1.133347
2017-03-13 14:29:44.138314: Step 1430: Validation accuracy = 70.0% (N=100)
2017-03-13 14:29:44.788686: Step 1440: Train accuracy = 77.0%
2017-03-13 14:29:44.788735: Step 1440: Cross entropy = 1.004498
2017-03-13 14:29:44.849287: Step 1440: Validation accuracy = 66.0% (N=100)
2017-03-13 14:29:45.560962: Step 1450: Train accuracy = 70.0%
2017-03-13 14:29:45.561038: Step 1450: Cross entropy = 1.217786
2017-03-13 14:29:45.674891: Step 1450: Validation accuracy = 71.0% (N=100)
2017-03-13 14:29:46.353340: Step 1460: Train accuracy = 63.0%
2017-03-13 14:29:46.353414: Step 1460: Cross entropy = 1.242592
2017-03-13 14:29:46.461767: Step 1460: Validation accuracy = 73.0% (N=100)
2017-03-13 14:29:47.215989: Step 1470: Train accuracy = 76.0%
2017-03-13 14:29:47.216068: Step 1470: Cross entropy = 1.100084
2017-03-13 14:29:47.327680: Step 1470: Validation accuracy = 73.0% (N=100)
2017-03-13 14:29:48.019618: Step 1480: Train accuracy = 78.0%
2017-03-13 14:29:48.019679: Step 1480: Cross entropy = 1.016494
2017-03-13 14:29:48.087814: Step 1480: Validation accuracy = 68.0% (N=100)
2017-03-13 14:29:48.838100: Step 1490: Train accuracy = 76.0%
2017-03-13 14:29:48.838150: Step 1490: Cross entropy = 0.974818
2017-03-13 14:29:48.899530: Step 1490: Validation accuracy = 76.0% (N=100)
2017-03-13 14:29:49.637306: Step 1500: Train accuracy = 71.0%
2017-03-13 14:29:49.637398: Step 1500: Cross entropy = 1.171843
2017-03-13 14:29:49.711180: Step 1500: Validation accuracy = 73.0% (N=100)
2017-03-13 14:29:50.418872: Step 1510: Train accuracy = 68.0%
2017-03-13 14:29:50.418941: Step 1510: Cross entropy = 1.241999
2017-03-13 14:29:50.519613: Step 1510: Validation accuracy = 75.0% (N=100)
2017-03-13 14:29:51.323863: Step 1520: Train accuracy = 70.0%
2017-03-13 14:29:51.323913: Step 1520: Cross entropy = 1.143993
2017-03-13 14:29:51.387956: Step 1520: Validation accuracy = 63.0% (N=100)
2017-03-13 14:29:52.132283: Step 1530: Train accuracy = 71.0%
2017-03-13 14:29:52.132341: Step 1530: Cross entropy = 1.208417
2017-03-13 14:29:52.197882: Step 1530: Validation accuracy = 80.0% (N=100)
2017-03-13 14:29:52.917780: Step 1540: Train accuracy = 73.0%
2017-03-13 14:29:52.917831: Step 1540: Cross entropy = 1.093476
2017-03-13 14:29:52.979350: Step 1540: Validation accuracy = 71.0% (N=100)
2017-03-13 14:29:53.593843: Step 1550: Train accuracy = 68.0%
2017-03-13 14:29:53.593889: Step 1550: Cross entropy = 1.164203
2017-03-13 14:29:53.652978: Step 1550: Validation accuracy = 76.0% (N=100)
2017-03-13 14:29:54.294631: Step 1560: Train accuracy = 70.0%
2017-03-13 14:29:54.294691: Step 1560: Cross entropy = 1.167203
2017-03-13 14:29:54.356616: Step 1560: Validation accuracy = 74.0% (N=100)
2017-03-13 14:29:54.957008: Step 1570: Train accuracy = 73.0%
2017-03-13 14:29:54.957052: Step 1570: Cross entropy = 1.049651
2017-03-13 14:29:55.013547: Step 1570: Validation accuracy = 69.0% (N=100)
2017-03-13 14:29:55.689310: Step 1580: Train accuracy = 72.0%
2017-03-13 14:29:55.689372: Step 1580: Cross entropy = 1.116471
2017-03-13 14:29:55.750232: Step 1580: Validation accuracy = 77.0% (N=100)
2017-03-13 14:29:56.484300: Step 1590: Train accuracy = 73.0%
2017-03-13 14:29:56.484352: Step 1590: Cross entropy = 1.067535
2017-03-13 14:29:56.544423: Step 1590: Validation accuracy = 72.0% (N=100)
2017-03-13 14:29:57.360395: Step 1600: Train accuracy = 68.0%
2017-03-13 14:29:57.360467: Step 1600: Cross entropy = 1.091715
2017-03-13 14:29:57.445258: Step 1600: Validation accuracy = 82.0% (N=100)
2017-03-13 14:29:58.204431: Step 1610: Train accuracy = 73.0%
2017-03-13 14:29:58.204484: Step 1610: Cross entropy = 1.105201
2017-03-13 14:29:58.265018: Step 1610: Validation accuracy = 68.0% (N=100)
2017-03-13 14:29:59.001497: Step 1620: Train accuracy = 73.0%
2017-03-13 14:29:59.001548: Step 1620: Cross entropy = 1.056673
2017-03-13 14:29:59.059949: Step 1620: Validation accuracy = 80.0% (N=100)
2017-03-13 14:29:59.850147: Step 1630: Train accuracy = 78.0%
2017-03-13 14:29:59.850207: Step 1630: Cross entropy = 1.007654
2017-03-13 14:29:59.928072: Step 1630: Validation accuracy = 75.0% (N=100)
2017-03-13 14:30:00.740143: Step 1640: Train accuracy = 73.0%
2017-03-13 14:30:00.740206: Step 1640: Cross entropy = 0.997643
2017-03-13 14:30:00.815373: Step 1640: Validation accuracy = 80.0% (N=100)
2017-03-13 14:30:01.506810: Step 1650: Train accuracy = 81.0%
2017-03-13 14:30:01.506860: Step 1650: Cross entropy = 0.917024
2017-03-13 14:30:01.565402: Step 1650: Validation accuracy = 82.0% (N=100)
2017-03-13 14:30:02.292455: Step 1660: Train accuracy = 75.0%
2017-03-13 14:30:02.292512: Step 1660: Cross entropy = 0.936207
2017-03-13 14:30:02.364045: Step 1660: Validation accuracy = 80.0% (N=100)
2017-03-13 14:30:03.037620: Step 1670: Train accuracy = 75.0%
2017-03-13 14:30:03.037705: Step 1670: Cross entropy = 1.088546
2017-03-13 14:30:03.146395: Step 1670: Validation accuracy = 78.0% (N=100)
2017-03-13 14:30:03.854767: Step 1680: Train accuracy = 71.0%
2017-03-13 14:30:03.854818: Step 1680: Cross entropy = 1.156539
2017-03-13 14:30:03.912202: Step 1680: Validation accuracy = 67.0% (N=100)
2017-03-13 14:30:04.679051: Step 1690: Train accuracy = 63.0%
2017-03-13 14:30:04.679120: Step 1690: Cross entropy = 1.311728
2017-03-13 14:30:04.761054: Step 1690: Validation accuracy = 74.0% (N=100)
2017-03-13 14:30:05.428951: Step 1700: Train accuracy = 70.0%
2017-03-13 14:30:05.428998: Step 1700: Cross entropy = 1.099938
2017-03-13 14:30:05.485171: Step 1700: Validation accuracy = 80.0% (N=100)
2017-03-13 14:30:06.253902: Step 1710: Train accuracy = 82.0%
2017-03-13 14:30:06.253968: Step 1710: Cross entropy = 0.913993
2017-03-13 14:30:06.355867: Step 1710: Validation accuracy = 73.0% (N=100)
2017-03-13 14:30:07.068037: Step 1720: Train accuracy = 80.0%
2017-03-13 14:30:07.068087: Step 1720: Cross entropy = 1.063021
2017-03-13 14:30:07.130613: Step 1720: Validation accuracy = 75.0% (N=100)
2017-03-13 14:30:07.813003: Step 1730: Train accuracy = 74.0%
2017-03-13 14:30:07.813053: Step 1730: Cross entropy = 1.064969
2017-03-13 14:30:07.872811: Step 1730: Validation accuracy = 78.0% (N=100)
2017-03-13 14:30:08.594569: Step 1740: Train accuracy = 74.0%
2017-03-13 14:30:08.594645: Step 1740: Cross entropy = 1.060318
2017-03-13 14:30:08.698562: Step 1740: Validation accuracy = 75.0% (N=100)
2017-03-13 14:30:09.509743: Step 1750: Train accuracy = 75.0%
2017-03-13 14:30:09.509833: Step 1750: Cross entropy = 1.029419
2017-03-13 14:30:09.630520: Step 1750: Validation accuracy = 74.0% (N=100)
2017-03-13 14:30:10.339477: Step 1760: Train accuracy = 73.0%
2017-03-13 14:30:10.339552: Step 1760: Cross entropy = 1.123026
2017-03-13 14:30:10.447221: Step 1760: Validation accuracy = 79.0% (N=100)
2017-03-13 14:30:11.142320: Step 1770: Train accuracy = 75.0%
2017-03-13 14:30:11.142405: Step 1770: Cross entropy = 1.059366
2017-03-13 14:30:11.203749: Step 1770: Validation accuracy = 77.0% (N=100)
2017-03-13 14:30:11.963172: Step 1780: Train accuracy = 80.0%
2017-03-13 14:30:11.963223: Step 1780: Cross entropy = 0.941192
2017-03-13 14:30:12.020946: Step 1780: Validation accuracy = 69.0% (N=100)
2017-03-13 14:30:12.683499: Step 1790: Train accuracy = 68.0%
2017-03-13 14:30:12.683553: Step 1790: Cross entropy = 1.165412
2017-03-13 14:30:12.743622: Step 1790: Validation accuracy = 71.0% (N=100)
2017-03-13 14:30:13.463961: Step 1800: Train accuracy = 70.0%
2017-03-13 14:30:13.464023: Step 1800: Cross entropy = 1.119257
2017-03-13 14:30:13.535344: Step 1800: Validation accuracy = 66.0% (N=100)
2017-03-13 14:30:14.308978: Step 1810: Train accuracy = 68.0%
2017-03-13 14:30:14.309037: Step 1810: Cross entropy = 1.159165
2017-03-13 14:30:14.376865: Step 1810: Validation accuracy = 80.0% (N=100)
2017-03-13 14:30:15.137494: Step 1820: Train accuracy = 77.0%
2017-03-13 14:30:15.137566: Step 1820: Cross entropy = 1.028226
2017-03-13 14:30:15.200922: Step 1820: Validation accuracy = 77.0% (N=100)
2017-03-13 14:30:15.882553: Step 1830: Train accuracy = 64.0%
2017-03-13 14:30:15.882618: Step 1830: Cross entropy = 1.147501
2017-03-13 14:30:15.963426: Step 1830: Validation accuracy = 74.0% (N=100)
2017-03-13 14:30:16.582577: Step 1840: Train accuracy = 75.0%
2017-03-13 14:30:16.582627: Step 1840: Cross entropy = 1.035170
2017-03-13 14:30:16.643078: Step 1840: Validation accuracy = 70.0% (N=100)
2017-03-13 14:30:17.235694: Step 1850: Train accuracy = 77.0%
2017-03-13 14:30:17.235739: Step 1850: Cross entropy = 0.989981
2017-03-13 14:30:17.291318: Step 1850: Validation accuracy = 77.0% (N=100)
2017-03-13 14:30:17.864201: Step 1860: Train accuracy = 75.0%
2017-03-13 14:30:17.864247: Step 1860: Cross entropy = 0.958635
2017-03-13 14:30:17.921944: Step 1860: Validation accuracy = 77.0% (N=100)
2017-03-13 14:30:18.557946: Step 1870: Train accuracy = 73.0%
2017-03-13 14:30:18.557997: Step 1870: Cross entropy = 1.032270
2017-03-13 14:30:18.616874: Step 1870: Validation accuracy = 71.0% (N=100)
2017-03-13 14:30:19.302841: Step 1880: Train accuracy = 72.0%
2017-03-13 14:30:19.302916: Step 1880: Cross entropy = 1.115606
2017-03-13 14:30:19.411958: Step 1880: Validation accuracy = 74.0% (N=100)
2017-03-13 14:30:20.152034: Step 1890: Train accuracy = 70.0%
2017-03-13 14:30:20.152112: Step 1890: Cross entropy = 1.069925
2017-03-13 14:30:20.259652: Step 1890: Validation accuracy = 67.0% (N=100)
2017-03-13 14:30:21.066311: Step 1900: Train accuracy = 75.0%
2017-03-13 14:30:21.066394: Step 1900: Cross entropy = 1.007702
2017-03-13 14:30:21.182095: Step 1900: Validation accuracy = 73.0% (N=100)
2017-03-13 14:30:21.957520: Step 1910: Train accuracy = 79.0%
2017-03-13 14:30:21.957598: Step 1910: Cross entropy = 0.942397
2017-03-13 14:30:22.068461: Step 1910: Validation accuracy = 72.0% (N=100)
2017-03-13 14:30:22.815687: Step 1920: Train accuracy = 81.0%
2017-03-13 14:30:22.815758: Step 1920: Cross entropy = 0.828941
2017-03-13 14:30:22.880629: Step 1920: Validation accuracy = 68.0% (N=100)
2017-03-13 14:30:23.498071: Step 1930: Train accuracy = 83.0%
2017-03-13 14:30:23.498116: Step 1930: Cross entropy = 0.902596
2017-03-13 14:30:23.556019: Step 1930: Validation accuracy = 68.0% (N=100)
2017-03-13 14:30:24.235961: Step 1940: Train accuracy = 70.0%
2017-03-13 14:30:24.236033: Step 1940: Cross entropy = 1.139510
2017-03-13 14:30:24.343458: Step 1940: Validation accuracy = 78.0% (N=100)
2017-03-13 14:30:25.230721: Step 1950: Train accuracy = 71.0%
2017-03-13 14:30:25.230786: Step 1950: Cross entropy = 1.075382
2017-03-13 14:30:25.300823: Step 1950: Validation accuracy = 72.0% (N=100)
2017-03-13 14:30:26.085305: Step 1960: Train accuracy = 76.0%
2017-03-13 14:30:26.085355: Step 1960: Cross entropy = 1.021716
2017-03-13 14:30:26.145042: Step 1960: Validation accuracy = 67.0% (N=100)
2017-03-13 14:30:26.760763: Step 1970: Train accuracy = 72.0%
2017-03-13 14:30:26.760815: Step 1970: Cross entropy = 1.083732
2017-03-13 14:30:26.818780: Step 1970: Validation accuracy = 73.0% (N=100)
2017-03-13 14:30:27.539492: Step 1980: Train accuracy = 78.0%
2017-03-13 14:30:27.539564: Step 1980: Cross entropy = 0.959657
2017-03-13 14:30:27.645766: Step 1980: Validation accuracy = 73.0% (N=100)
2017-03-13 14:30:28.376411: Step 1990: Train accuracy = 74.0%
2017-03-13 14:30:28.376456: Step 1990: Cross entropy = 1.054487
2017-03-13 14:30:28.431936: Step 1990: Validation accuracy = 70.0% (N=100)
2017-03-13 14:30:29.125311: Step 2000: Train accuracy = 75.0%
2017-03-13 14:30:29.125360: Step 2000: Cross entropy = 1.012314
2017-03-13 14:30:29.185290: Step 2000: Validation accuracy = 72.0% (N=100)
2017-03-13 14:30:29.802724: Step 2010: Train accuracy = 74.0%
2017-03-13 14:30:29.802777: Step 2010: Cross entropy = 0.970831
2017-03-13 14:30:29.862230: Step 2010: Validation accuracy = 71.0% (N=100)
2017-03-13 14:30:30.641809: Step 2020: Train accuracy = 81.0%
2017-03-13 14:30:30.641866: Step 2020: Cross entropy = 0.882661
2017-03-13 14:30:30.725292: Step 2020: Validation accuracy = 70.0% (N=100)
2017-03-13 14:30:31.497890: Step 2030: Train accuracy = 75.0%
2017-03-13 14:30:31.497941: Step 2030: Cross entropy = 0.911019
2017-03-13 14:30:31.556087: Step 2030: Validation accuracy = 67.0% (N=100)
2017-03-13 14:30:32.256977: Step 2040: Train accuracy = 74.0%
2017-03-13 14:30:32.257028: Step 2040: Cross entropy = 1.074961
2017-03-13 14:30:32.315621: Step 2040: Validation accuracy = 80.0% (N=100)
2017-03-13 14:30:33.017952: Step 2050: Train accuracy = 78.0%
2017-03-13 14:30:33.018001: Step 2050: Cross entropy = 0.931515
2017-03-13 14:30:33.078995: Step 2050: Validation accuracy = 71.0% (N=100)
2017-03-13 14:30:33.851990: Step 2060: Train accuracy = 67.0%
2017-03-13 14:30:33.852072: Step 2060: Cross entropy = 1.155424
2017-03-13 14:30:33.970924: Step 2060: Validation accuracy = 73.0% (N=100)
2017-03-13 14:30:34.623469: Step 2070: Train accuracy = 72.0%
2017-03-13 14:30:34.623519: Step 2070: Cross entropy = 1.047317
2017-03-13 14:30:34.685044: Step 2070: Validation accuracy = 71.0% (N=100)
2017-03-13 14:30:35.299192: Step 2080: Train accuracy = 77.0%
2017-03-13 14:30:35.299237: Step 2080: Cross entropy = 1.038070
2017-03-13 14:30:35.354712: Step 2080: Validation accuracy = 72.0% (N=100)
2017-03-13 14:30:36.179402: Step 2090: Train accuracy = 69.0%
2017-03-13 14:30:36.179451: Step 2090: Cross entropy = 1.053859
2017-03-13 14:30:36.238234: Step 2090: Validation accuracy = 73.0% (N=100)
2017-03-13 14:30:37.003432: Step 2100: Train accuracy = 70.0%
2017-03-13 14:30:37.003483: Step 2100: Cross entropy = 1.173585
2017-03-13 14:30:37.062079: Step 2100: Validation accuracy = 76.0% (N=100)
2017-03-13 14:30:37.834912: Step 2110: Train accuracy = 74.0%
2017-03-13 14:30:37.834992: Step 2110: Cross entropy = 1.006901
2017-03-13 14:30:37.901510: Step 2110: Validation accuracy = 73.0% (N=100)
2017-03-13 14:30:38.665544: Step 2120: Train accuracy = 80.0%
2017-03-13 14:30:38.665594: Step 2120: Cross entropy = 0.856825
2017-03-13 14:30:38.723404: Step 2120: Validation accuracy = 75.0% (N=100)
2017-03-13 14:30:39.413092: Step 2130: Train accuracy = 77.0%
2017-03-13 14:30:39.413142: Step 2130: Cross entropy = 1.016289
2017-03-13 14:30:39.473925: Step 2130: Validation accuracy = 74.0% (N=100)
2017-03-13 14:30:40.303372: Step 2140: Train accuracy = 73.0%
2017-03-13 14:30:40.303447: Step 2140: Cross entropy = 1.024405
2017-03-13 14:30:40.410738: Step 2140: Validation accuracy = 66.0% (N=100)
2017-03-13 14:30:41.127284: Step 2150: Train accuracy = 72.0%
2017-03-13 14:30:41.127336: Step 2150: Cross entropy = 1.006738
2017-03-13 14:30:41.188610: Step 2150: Validation accuracy = 72.0% (N=100)
2017-03-13 14:30:42.020425: Step 2160: Train accuracy = 76.0%
2017-03-13 14:30:42.020475: Step 2160: Cross entropy = 0.987960
2017-03-13 14:30:42.087048: Step 2160: Validation accuracy = 76.0% (N=100)
2017-03-13 14:30:42.980805: Step 2170: Train accuracy = 82.0%
2017-03-13 14:30:42.980857: Step 2170: Cross entropy = 0.925759
2017-03-13 14:30:43.042484: Step 2170: Validation accuracy = 74.0% (N=100)
2017-03-13 14:30:43.808263: Step 2180: Train accuracy = 74.0%
2017-03-13 14:30:43.808314: Step 2180: Cross entropy = 0.964260
2017-03-13 14:30:43.866305: Step 2180: Validation accuracy = 84.0% (N=100)
2017-03-13 14:30:44.720660: Step 2190: Train accuracy = 80.0%
2017-03-13 14:30:44.720709: Step 2190: Cross entropy = 0.902130
2017-03-13 14:30:44.780249: Step 2190: Validation accuracy = 77.0% (N=100)
2017-03-13 14:30:45.524391: Step 2200: Train accuracy = 79.0%
2017-03-13 14:30:45.524468: Step 2200: Cross entropy = 0.886585
2017-03-13 14:30:45.640622: Step 2200: Validation accuracy = 72.0% (N=100)
2017-03-13 14:30:46.509946: Step 2210: Train accuracy = 84.0%
2017-03-13 14:30:46.510011: Step 2210: Cross entropy = 0.855955
2017-03-13 14:30:46.584321: Step 2210: Validation accuracy = 76.0% (N=100)
2017-03-13 14:30:47.350550: Step 2220: Train accuracy = 79.0%
2017-03-13 14:30:47.350599: Step 2220: Cross entropy = 1.022982
2017-03-13 14:30:47.411770: Step 2220: Validation accuracy = 70.0% (N=100)
2017-03-13 14:30:48.199111: Step 2230: Train accuracy = 80.0%
2017-03-13 14:30:48.199162: Step 2230: Cross entropy = 1.010452
2017-03-13 14:30:48.257118: Step 2230: Validation accuracy = 76.0% (N=100)
2017-03-13 14:30:48.849014: Step 2240: Train accuracy = 73.0%
2017-03-13 14:30:48.849059: Step 2240: Cross entropy = 1.140162
2017-03-13 14:30:48.907220: Step 2240: Validation accuracy = 70.0% (N=100)
2017-03-13 14:30:49.546231: Step 2250: Train accuracy = 82.0%
2017-03-13 14:30:49.546276: Step 2250: Cross entropy = 0.963318
2017-03-13 14:30:49.602273: Step 2250: Validation accuracy = 71.0% (N=100)
2017-03-13 14:30:50.186973: Step 2260: Train accuracy = 76.0%
2017-03-13 14:30:50.187020: Step 2260: Cross entropy = 0.975600
2017-03-13 14:30:50.244585: Step 2260: Validation accuracy = 72.0% (N=100)
2017-03-13 14:30:50.937432: Step 2270: Train accuracy = 71.0%
2017-03-13 14:30:50.937499: Step 2270: Cross entropy = 1.083759
2017-03-13 14:30:51.006096: Step 2270: Validation accuracy = 79.0% (N=100)
2017-03-13 14:30:51.697156: Step 2280: Train accuracy = 75.0%
2017-03-13 14:30:51.697206: Step 2280: Cross entropy = 0.976467
2017-03-13 14:30:51.759112: Step 2280: Validation accuracy = 66.0% (N=100)
2017-03-13 14:30:52.467467: Step 2290: Train accuracy = 74.0%
2017-03-13 14:30:52.467536: Step 2290: Cross entropy = 1.005438
2017-03-13 14:30:52.547827: Step 2290: Validation accuracy = 76.0% (N=100)
2017-03-13 14:30:53.340974: Step 2300: Train accuracy = 75.0%
2017-03-13 14:30:53.341025: Step 2300: Cross entropy = 0.957973
2017-03-13 14:30:53.401783: Step 2300: Validation accuracy = 82.0% (N=100)
2017-03-13 14:30:54.289912: Step 2310: Train accuracy = 76.0%
2017-03-13 14:30:54.289971: Step 2310: Cross entropy = 0.917364
2017-03-13 14:30:54.359534: Step 2310: Validation accuracy = 75.0% (N=100)
2017-03-13 14:30:55.198342: Step 2320: Train accuracy = 76.0%
2017-03-13 14:30:55.198392: Step 2320: Cross entropy = 1.001397
2017-03-13 14:30:55.259430: Step 2320: Validation accuracy = 78.0% (N=100)
2017-03-13 14:30:56.040179: Step 2330: Train accuracy = 75.0%
2017-03-13 14:30:56.040229: Step 2330: Cross entropy = 1.011214
2017-03-13 14:30:56.100889: Step 2330: Validation accuracy = 71.0% (N=100)
2017-03-13 14:30:56.712907: Step 2340: Train accuracy = 78.0%
2017-03-13 14:30:56.713085: Step 2340: Cross entropy = 0.840284
2017-03-13 14:30:56.823968: Step 2340: Validation accuracy = 72.0% (N=100)
2017-03-13 14:30:57.575932: Step 2350: Train accuracy = 76.0%
2017-03-13 14:30:57.576001: Step 2350: Cross entropy = 0.907729
2017-03-13 14:30:57.636640: Step 2350: Validation accuracy = 70.0% (N=100)
2017-03-13 14:30:58.239843: Step 2360: Train accuracy = 72.0%
2017-03-13 14:30:58.239915: Step 2360: Cross entropy = 0.960424
2017-03-13 14:30:58.344499: Step 2360: Validation accuracy = 77.0% (N=100)
2017-03-13 14:30:59.135280: Step 2370: Train accuracy = 78.0%
2017-03-13 14:30:59.135357: Step 2370: Cross entropy = 0.883785
2017-03-13 14:30:59.240808: Step 2370: Validation accuracy = 74.0% (N=100)
2017-03-13 14:30:59.873556: Step 2380: Train accuracy = 79.0%
2017-03-13 14:30:59.873626: Step 2380: Cross entropy = 0.841442
2017-03-13 14:30:59.977478: Step 2380: Validation accuracy = 69.0% (N=100)
2017-03-13 14:31:00.956791: Step 2390: Train accuracy = 70.0%
2017-03-13 14:31:00.956873: Step 2390: Cross entropy = 0.951100
2017-03-13 14:31:01.071239: Step 2390: Validation accuracy = 74.0% (N=100)
2017-03-13 14:31:01.813082: Step 2400: Train accuracy = 76.0%
2017-03-13 14:31:01.813136: Step 2400: Cross entropy = 0.927099
2017-03-13 14:31:01.871316: Step 2400: Validation accuracy = 70.0% (N=100)
2017-03-13 14:31:02.565716: Step 2410: Train accuracy = 74.0%
2017-03-13 14:31:02.565762: Step 2410: Cross entropy = 1.061139
2017-03-13 14:31:02.622277: Step 2410: Validation accuracy = 68.0% (N=100)
2017-03-13 14:31:03.430625: Step 2420: Train accuracy = 83.0%
2017-03-13 14:31:03.430672: Step 2420: Cross entropy = 0.902880
2017-03-13 14:31:03.488364: Step 2420: Validation accuracy = 81.0% (N=100)
2017-03-13 14:31:04.158017: Step 2430: Train accuracy = 79.0%
2017-03-13 14:31:04.158069: Step 2430: Cross entropy = 0.903904
2017-03-13 14:31:04.219217: Step 2430: Validation accuracy = 75.0% (N=100)
2017-03-13 14:31:05.075467: Step 2440: Train accuracy = 76.0%
2017-03-13 14:31:05.075527: Step 2440: Cross entropy = 0.901354
2017-03-13 14:31:05.141918: Step 2440: Validation accuracy = 74.0% (N=100)
2017-03-13 14:31:05.957566: Step 2450: Train accuracy = 79.0%
2017-03-13 14:31:05.957638: Step 2450: Cross entropy = 0.879552
2017-03-13 14:31:06.049517: Step 2450: Validation accuracy = 68.0% (N=100)
2017-03-13 14:31:06.855689: Step 2460: Train accuracy = 75.0%
2017-03-13 14:31:06.855739: Step 2460: Cross entropy = 0.976392
2017-03-13 14:31:06.914041: Step 2460: Validation accuracy = 70.0% (N=100)
2017-03-13 14:31:07.612118: Step 2470: Train accuracy = 84.0%
2017-03-13 14:31:07.612168: Step 2470: Cross entropy = 0.764119
2017-03-13 14:31:07.670137: Step 2470: Validation accuracy = 78.0% (N=100)
2017-03-13 14:31:08.368061: Step 2480: Train accuracy = 78.0%
2017-03-13 14:31:08.368139: Step 2480: Cross entropy = 0.896086
2017-03-13 14:31:08.479043: Step 2480: Validation accuracy = 73.0% (N=100)
2017-03-13 14:31:09.410486: Step 2490: Train accuracy = 74.0%
2017-03-13 14:31:09.410538: Step 2490: Cross entropy = 0.917817
2017-03-13 14:31:09.469214: Step 2490: Validation accuracy = 68.0% (N=100)
2017-03-13 14:31:10.245174: Step 2500: Train accuracy = 79.0%
2017-03-13 14:31:10.245246: Step 2500: Cross entropy = 0.877341
2017-03-13 14:31:10.330055: Step 2500: Validation accuracy = 72.0% (N=100)
2017-03-13 14:31:11.175924: Step 2510: Train accuracy = 72.0%
2017-03-13 14:31:11.176008: Step 2510: Cross entropy = 0.955923
2017-03-13 14:31:11.291581: Step 2510: Validation accuracy = 81.0% (N=100)
2017-03-13 14:31:11.931253: Step 2520: Train accuracy = 80.0%
2017-03-13 14:31:11.931303: Step 2520: Cross entropy = 0.816024
2017-03-13 14:31:11.992032: Step 2520: Validation accuracy = 75.0% (N=100)
2017-03-13 14:31:12.591921: Step 2530: Train accuracy = 73.0%
2017-03-13 14:31:12.591963: Step 2530: Cross entropy = 0.906668
2017-03-13 14:31:12.650303: Step 2530: Validation accuracy = 75.0% (N=100)
2017-03-13 14:31:13.389141: Step 2540: Train accuracy = 69.0%
2017-03-13 14:31:13.389229: Step 2540: Cross entropy = 1.011733
2017-03-13 14:31:13.470531: Step 2540: Validation accuracy = 74.0% (N=100)
2017-03-13 14:31:14.356467: Step 2550: Train accuracy = 82.0%
2017-03-13 14:31:14.356547: Step 2550: Cross entropy = 0.818467
2017-03-13 14:31:14.473074: Step 2550: Validation accuracy = 75.0% (N=100)
2017-03-13 14:31:15.365766: Step 2560: Train accuracy = 74.0%
2017-03-13 14:31:15.365849: Step 2560: Cross entropy = 0.950100
2017-03-13 14:31:15.477287: Step 2560: Validation accuracy = 74.0% (N=100)
2017-03-13 14:31:16.222844: Step 2570: Train accuracy = 79.0%
2017-03-13 14:31:16.222921: Step 2570: Cross entropy = 0.944980
2017-03-13 14:31:16.334211: Step 2570: Validation accuracy = 74.0% (N=100)
2017-03-13 14:31:17.110460: Step 2580: Train accuracy = 84.0%
2017-03-13 14:31:17.110515: Step 2580: Cross entropy = 0.895458
2017-03-13 14:31:17.175463: Step 2580: Validation accuracy = 70.0% (N=100)
2017-03-13 14:31:17.954837: Step 2590: Train accuracy = 83.0%
2017-03-13 14:31:17.954912: Step 2590: Cross entropy = 0.803232
2017-03-13 14:31:18.057966: Step 2590: Validation accuracy = 72.0% (N=100)
2017-03-13 14:31:18.771277: Step 2600: Train accuracy = 81.0%
2017-03-13 14:31:18.771356: Step 2600: Cross entropy = 0.889180
2017-03-13 14:31:18.873469: Step 2600: Validation accuracy = 80.0% (N=100)
2017-03-13 14:31:19.572509: Step 2610: Train accuracy = 79.0%
2017-03-13 14:31:19.572578: Step 2610: Cross entropy = 0.977691
2017-03-13 14:31:19.666814: Step 2610: Validation accuracy = 73.0% (N=100)
2017-03-13 14:31:20.540400: Step 2620: Train accuracy = 75.0%
2017-03-13 14:31:20.540453: Step 2620: Cross entropy = 0.906940
2017-03-13 14:31:20.601190: Step 2620: Validation accuracy = 75.0% (N=100)
2017-03-13 14:31:21.269609: Step 2630: Train accuracy = 72.0%
2017-03-13 14:31:21.269685: Step 2630: Cross entropy = 1.098518
2017-03-13 14:31:21.376410: Step 2630: Validation accuracy = 74.0% (N=100)
2017-03-13 14:31:22.075426: Step 2640: Train accuracy = 84.0%
2017-03-13 14:31:22.075506: Step 2640: Cross entropy = 0.807287
2017-03-13 14:31:22.191173: Step 2640: Validation accuracy = 72.0% (N=100)
2017-03-13 14:31:22.901883: Step 2650: Train accuracy = 72.0%
2017-03-13 14:31:22.901969: Step 2650: Cross entropy = 0.940575
2017-03-13 14:31:22.971911: Step 2650: Validation accuracy = 70.0% (N=100)
2017-03-13 14:31:23.741884: Step 2660: Train accuracy = 65.0%
2017-03-13 14:31:23.741970: Step 2660: Cross entropy = 1.018449
2017-03-13 14:31:23.841637: Step 2660: Validation accuracy = 69.0% (N=100)
2017-03-13 14:31:24.458105: Step 2670: Train accuracy = 81.0%
2017-03-13 14:31:24.458164: Step 2670: Cross entropy = 0.874531
2017-03-13 14:31:24.519649: Step 2670: Validation accuracy = 81.0% (N=100)
2017-03-13 14:31:25.414940: Step 2680: Train accuracy = 73.0%
2017-03-13 14:31:25.415031: Step 2680: Cross entropy = 0.978855
2017-03-13 14:31:25.517939: Step 2680: Validation accuracy = 68.0% (N=100)
2017-03-13 14:31:26.394346: Step 2690: Train accuracy = 83.0%
2017-03-13 14:31:26.394407: Step 2690: Cross entropy = 0.836053
2017-03-13 14:31:26.464610: Step 2690: Validation accuracy = 76.0% (N=100)
2017-03-13 14:31:27.064504: Step 2700: Train accuracy = 78.0%
2017-03-13 14:31:27.064551: Step 2700: Cross entropy = 0.829868
2017-03-13 14:31:27.119634: Step 2700: Validation accuracy = 78.0% (N=100)
2017-03-13 14:31:27.853339: Step 2710: Train accuracy = 81.0%
2017-03-13 14:31:27.853389: Step 2710: Cross entropy = 0.857674
2017-03-13 14:31:27.915112: Step 2710: Validation accuracy = 78.0% (N=100)
2017-03-13 14:31:28.709739: Step 2720: Train accuracy = 80.0%
2017-03-13 14:31:28.709798: Step 2720: Cross entropy = 0.749399
2017-03-13 14:31:28.784712: Step 2720: Validation accuracy = 78.0% (N=100)
2017-03-13 14:31:29.454745: Step 2730: Train accuracy = 81.0%
2017-03-13 14:31:29.454797: Step 2730: Cross entropy = 0.884336
2017-03-13 14:31:29.515577: Step 2730: Validation accuracy = 76.0% (N=100)
2017-03-13 14:31:30.324945: Step 2740: Train accuracy = 73.0%
2017-03-13 14:31:30.325018: Step 2740: Cross entropy = 0.893955
2017-03-13 14:31:30.437977: Step 2740: Validation accuracy = 76.0% (N=100)
2017-03-13 14:31:31.300313: Step 2750: Train accuracy = 82.0%
2017-03-13 14:31:31.300390: Step 2750: Cross entropy = 0.754141
2017-03-13 14:31:31.411472: Step 2750: Validation accuracy = 78.0% (N=100)
2017-03-13 14:31:32.174291: Step 2760: Train accuracy = 83.0%
2017-03-13 14:31:32.174357: Step 2760: Cross entropy = 0.808768
2017-03-13 14:31:32.252778: Step 2760: Validation accuracy = 74.0% (N=100)
2017-03-13 14:31:33.016935: Step 2770: Train accuracy = 77.0%
2017-03-13 14:31:33.016991: Step 2770: Cross entropy = 0.931383
2017-03-13 14:31:33.078226: Step 2770: Validation accuracy = 73.0% (N=100)
2017-03-13 14:31:33.839643: Step 2780: Train accuracy = 77.0%
2017-03-13 14:31:33.839725: Step 2780: Cross entropy = 0.954111
2017-03-13 14:31:33.900588: Step 2780: Validation accuracy = 73.0% (N=100)
2017-03-13 14:31:34.600435: Step 2790: Train accuracy = 74.0%
2017-03-13 14:31:34.600517: Step 2790: Cross entropy = 1.018828
2017-03-13 14:31:34.660144: Step 2790: Validation accuracy = 72.0% (N=100)
2017-03-13 14:31:35.510019: Step 2800: Train accuracy = 78.0%
2017-03-13 14:31:35.510119: Step 2800: Cross entropy = 0.853655
2017-03-13 14:31:35.618364: Step 2800: Validation accuracy = 71.0% (N=100)
2017-03-13 14:31:36.475516: Step 2810: Train accuracy = 87.0%
2017-03-13 14:31:36.475567: Step 2810: Cross entropy = 0.750115
2017-03-13 14:31:36.535511: Step 2810: Validation accuracy = 79.0% (N=100)
2017-03-13 14:31:37.418380: Step 2820: Train accuracy = 82.0%
2017-03-13 14:31:37.418433: Step 2820: Cross entropy = 0.798670
2017-03-13 14:31:37.477500: Step 2820: Validation accuracy = 70.0% (N=100)
2017-03-13 14:31:38.322746: Step 2830: Train accuracy = 75.0%
2017-03-13 14:31:38.322829: Step 2830: Cross entropy = 1.039063
2017-03-13 14:31:38.380738: Step 2830: Validation accuracy = 77.0% (N=100)
2017-03-13 14:31:39.094482: Step 2840: Train accuracy = 78.0%
2017-03-13 14:31:39.094561: Step 2840: Cross entropy = 0.924008
2017-03-13 14:31:39.209643: Step 2840: Validation accuracy = 72.0% (N=100)
2017-03-13 14:31:39.929741: Step 2850: Train accuracy = 86.0%
2017-03-13 14:31:39.929808: Step 2850: Cross entropy = 0.765470
2017-03-13 14:31:40.003829: Step 2850: Validation accuracy = 69.0% (N=100)
2017-03-13 14:31:40.793400: Step 2860: Train accuracy = 81.0%
2017-03-13 14:31:40.793468: Step 2860: Cross entropy = 0.836414
2017-03-13 14:31:40.872756: Step 2860: Validation accuracy = 77.0% (N=100)
2017-03-13 14:31:41.754415: Step 2870: Train accuracy = 81.0%
2017-03-13 14:31:41.754480: Step 2870: Cross entropy = 0.946299
2017-03-13 14:31:41.830091: Step 2870: Validation accuracy = 79.0% (N=100)
2017-03-13 14:31:42.539397: Step 2880: Train accuracy = 85.0%
2017-03-13 14:31:42.539446: Step 2880: Cross entropy = 0.768562
2017-03-13 14:31:42.596363: Step 2880: Validation accuracy = 72.0% (N=100)
2017-03-13 14:31:43.275478: Step 2890: Train accuracy = 73.0%
2017-03-13 14:31:43.275552: Step 2890: Cross entropy = 1.085319
2017-03-13 14:31:43.362044: Step 2890: Validation accuracy = 77.0% (N=100)
2017-03-13 14:31:44.117967: Step 2900: Train accuracy = 83.0%
2017-03-13 14:31:44.118051: Step 2900: Cross entropy = 0.779157
2017-03-13 14:31:44.201483: Step 2900: Validation accuracy = 80.0% (N=100)
2017-03-13 14:31:45.029010: Step 2910: Train accuracy = 80.0%
2017-03-13 14:31:45.029095: Step 2910: Cross entropy = 0.851834
2017-03-13 14:31:45.087769: Step 2910: Validation accuracy = 74.0% (N=100)
2017-03-13 14:31:45.824135: Step 2920: Train accuracy = 76.0%
2017-03-13 14:31:45.824206: Step 2920: Cross entropy = 0.969037
2017-03-13 14:31:45.894069: Step 2920: Validation accuracy = 73.0% (N=100)
2017-03-13 14:31:46.504844: Step 2930: Train accuracy = 82.0%
2017-03-13 14:31:46.504896: Step 2930: Cross entropy = 0.785228
2017-03-13 14:31:46.563020: Step 2930: Validation accuracy = 69.0% (N=100)
2017-03-13 14:31:47.309698: Step 2940: Train accuracy = 84.0%
2017-03-13 14:31:47.309748: Step 2940: Cross entropy = 0.695584
2017-03-13 14:31:47.370681: Step 2940: Validation accuracy = 75.0% (N=100)
2017-03-13 14:31:47.972594: Step 2950: Train accuracy = 85.0%
2017-03-13 14:31:47.972640: Step 2950: Cross entropy = 0.776639
2017-03-13 14:31:48.027905: Step 2950: Validation accuracy = 63.0% (N=100)
2017-03-13 14:31:48.614699: Step 2960: Train accuracy = 73.0%
2017-03-13 14:31:48.614779: Step 2960: Cross entropy = 1.010186
2017-03-13 14:31:48.672902: Step 2960: Validation accuracy = 78.0% (N=100)
2017-03-13 14:31:49.260687: Step 2970: Train accuracy = 80.0%
2017-03-13 14:31:49.260730: Step 2970: Cross entropy = 0.807743
2017-03-13 14:31:49.316088: Step 2970: Validation accuracy = 77.0% (N=100)
2017-03-13 14:31:50.037141: Step 2980: Train accuracy = 87.0%
2017-03-13 14:31:50.037192: Step 2980: Cross entropy = 0.794933
2017-03-13 14:31:50.101357: Step 2980: Validation accuracy = 79.0% (N=100)
2017-03-13 14:31:50.964709: Step 2990: Train accuracy = 77.0%
2017-03-13 14:31:50.964772: Step 2990: Cross entropy = 0.887739
2017-03-13 14:31:51.044999: Step 2990: Validation accuracy = 77.0% (N=100)
2017-03-13 14:31:51.819760: Step 3000: Train accuracy = 80.0%
2017-03-13 14:31:51.819812: Step 3000: Cross entropy = 0.762934
2017-03-13 14:31:51.878799: Step 3000: Validation accuracy = 74.0% (N=100)
2017-03-13 14:31:52.635083: Step 3010: Train accuracy = 80.0%
2017-03-13 14:31:52.635134: Step 3010: Cross entropy = 0.858910
2017-03-13 14:31:52.694222: Step 3010: Validation accuracy = 71.0% (N=100)
2017-03-13 14:31:53.309486: Step 3020: Train accuracy = 67.0%
2017-03-13 14:31:53.309555: Step 3020: Cross entropy = 1.149154
2017-03-13 14:31:53.367690: Step 3020: Validation accuracy = 70.0% (N=100)
2017-03-13 14:31:54.153058: Step 3030: Train accuracy = 79.0%
2017-03-13 14:31:54.153115: Step 3030: Cross entropy = 0.877573
2017-03-13 14:31:54.218523: Step 3030: Validation accuracy = 74.0% (N=100)
2017-03-13 14:31:54.997090: Step 3040: Train accuracy = 77.0%
2017-03-13 14:31:54.997138: Step 3040: Cross entropy = 0.855959
2017-03-13 14:31:55.052744: Step 3040: Validation accuracy = 78.0% (N=100)
2017-03-13 14:31:55.915553: Step 3050: Train accuracy = 76.0%
2017-03-13 14:31:55.915611: Step 3050: Cross entropy = 0.946170
2017-03-13 14:31:55.984661: Step 3050: Validation accuracy = 76.0% (N=100)
2017-03-13 14:31:56.873403: Step 3060: Train accuracy = 76.0%
2017-03-13 14:31:56.873456: Step 3060: Cross entropy = 0.923043
2017-03-13 14:31:56.931660: Step 3060: Validation accuracy = 74.0% (N=100)
2017-03-13 14:31:57.778621: Step 3070: Train accuracy = 82.0%
2017-03-13 14:31:57.778704: Step 3070: Cross entropy = 0.706387
2017-03-13 14:31:57.882238: Step 3070: Validation accuracy = 81.0% (N=100)
2017-03-13 14:31:58.547256: Step 3080: Train accuracy = 82.0%
2017-03-13 14:31:58.547308: Step 3080: Cross entropy = 0.765203
2017-03-13 14:31:58.605466: Step 3080: Validation accuracy = 85.0% (N=100)
2017-03-13 14:31:59.335313: Step 3090: Train accuracy = 73.0%
2017-03-13 14:31:59.335358: Step 3090: Cross entropy = 0.988593
2017-03-13 14:31:59.391664: Step 3090: Validation accuracy = 78.0% (N=100)
2017-03-13 14:31:59.982786: Step 3100: Train accuracy = 85.0%
2017-03-13 14:31:59.982856: Step 3100: Cross entropy = 0.720411
2017-03-13 14:32:00.081572: Step 3100: Validation accuracy = 79.0% (N=100)
2017-03-13 14:32:00.809413: Step 3110: Train accuracy = 74.0%
2017-03-13 14:32:00.809465: Step 3110: Cross entropy = 0.989535
2017-03-13 14:32:00.868689: Step 3110: Validation accuracy = 75.0% (N=100)
2017-03-13 14:32:01.666521: Step 3120: Train accuracy = 78.0%
2017-03-13 14:32:01.666573: Step 3120: Cross entropy = 0.807200
2017-03-13 14:32:01.727410: Step 3120: Validation accuracy = 74.0% (N=100)
2017-03-13 14:32:02.558993: Step 3130: Train accuracy = 75.0%
2017-03-13 14:32:02.559045: Step 3130: Cross entropy = 1.009159
2017-03-13 14:32:02.618065: Step 3130: Validation accuracy = 75.0% (N=100)
2017-03-13 14:32:03.275851: Step 3140: Train accuracy = 85.0%
2017-03-13 14:32:03.275902: Step 3140: Cross entropy = 0.760831
2017-03-13 14:32:03.373883: Step 3140: Validation accuracy = 73.0% (N=100)
2017-03-13 14:32:04.140541: Step 3150: Train accuracy = 77.0%
2017-03-13 14:32:04.140602: Step 3150: Cross entropy = 0.917772
2017-03-13 14:32:04.207277: Step 3150: Validation accuracy = 77.0% (N=100)
2017-03-13 14:32:04.883622: Step 3160: Train accuracy = 78.0%
2017-03-13 14:32:04.883674: Step 3160: Cross entropy = 0.874541
2017-03-13 14:32:04.973207: Step 3160: Validation accuracy = 79.0% (N=100)
2017-03-13 14:32:05.670115: Step 3170: Train accuracy = 87.0%
2017-03-13 14:32:05.670166: Step 3170: Cross entropy = 0.674258
2017-03-13 14:32:05.732512: Step 3170: Validation accuracy = 74.0% (N=100)
2017-03-13 14:32:06.400950: Step 3180: Train accuracy = 84.0%
2017-03-13 14:32:06.401000: Step 3180: Cross entropy = 0.691254
2017-03-13 14:32:06.461876: Step 3180: Validation accuracy = 76.0% (N=100)
2017-03-13 14:32:07.062612: Step 3190: Train accuracy = 73.0%
2017-03-13 14:32:07.062655: Step 3190: Cross entropy = 0.860233
2017-03-13 14:32:07.118735: Step 3190: Validation accuracy = 74.0% (N=100)
2017-03-13 14:32:07.802898: Step 3200: Train accuracy = 77.0%
2017-03-13 14:32:07.802956: Step 3200: Cross entropy = 1.024947
2017-03-13 14:32:07.862063: Step 3200: Validation accuracy = 82.0% (N=100)
2017-03-13 14:32:08.473130: Step 3210: Train accuracy = 74.0%
2017-03-13 14:32:08.473179: Step 3210: Cross entropy = 1.035438
2017-03-13 14:32:08.531094: Step 3210: Validation accuracy = 75.0% (N=100)
2017-03-13 14:32:09.231345: Step 3220: Train accuracy = 77.0%
2017-03-13 14:32:09.231398: Step 3220: Cross entropy = 0.895485
2017-03-13 14:32:09.294159: Step 3220: Validation accuracy = 81.0% (N=100)
2017-03-13 14:32:09.915128: Step 3230: Train accuracy = 78.0%
2017-03-13 14:32:09.915178: Step 3230: Cross entropy = 0.874537
2017-03-13 14:32:09.978303: Step 3230: Validation accuracy = 73.0% (N=100)
2017-03-13 14:32:10.654098: Step 3240: Train accuracy = 77.0%
2017-03-13 14:32:10.654158: Step 3240: Cross entropy = 0.826614
2017-03-13 14:32:10.713088: Step 3240: Validation accuracy = 78.0% (N=100)
2017-03-13 14:32:11.323185: Step 3250: Train accuracy = 78.0%
2017-03-13 14:32:11.323232: Step 3250: Cross entropy = 0.869666
2017-03-13 14:32:11.380711: Step 3250: Validation accuracy = 83.0% (N=100)
2017-03-13 14:32:12.035835: Step 3260: Train accuracy = 79.0%
2017-03-13 14:32:12.035885: Step 3260: Cross entropy = 0.918707
2017-03-13 14:32:12.096862: Step 3260: Validation accuracy = 65.0% (N=100)
2017-03-13 14:32:12.724653: Step 3270: Train accuracy = 89.0%
2017-03-13 14:32:12.724713: Step 3270: Cross entropy = 0.695845
2017-03-13 14:32:12.785793: Step 3270: Validation accuracy = 76.0% (N=100)
2017-03-13 14:32:13.603928: Step 3280: Train accuracy = 77.0%
2017-03-13 14:32:13.603977: Step 3280: Cross entropy = 0.889624
2017-03-13 14:32:13.661787: Step 3280: Validation accuracy = 72.0% (N=100)
2017-03-13 14:32:14.368327: Step 3290: Train accuracy = 78.0%
2017-03-13 14:32:14.368384: Step 3290: Cross entropy = 0.886185
2017-03-13 14:32:14.429243: Step 3290: Validation accuracy = 69.0% (N=100)
2017-03-13 14:32:15.149089: Step 3300: Train accuracy = 83.0%
2017-03-13 14:32:15.149177: Step 3300: Cross entropy = 0.740428
2017-03-13 14:32:15.243027: Step 3300: Validation accuracy = 79.0% (N=100)
2017-03-13 14:32:15.922903: Step 3310: Train accuracy = 80.0%
2017-03-13 14:32:15.922979: Step 3310: Cross entropy = 0.847935
2017-03-13 14:32:15.983457: Step 3310: Validation accuracy = 67.0% (N=100)
2017-03-13 14:32:16.669040: Step 3320: Train accuracy = 81.0%
2017-03-13 14:32:16.669118: Step 3320: Cross entropy = 0.741580
2017-03-13 14:32:16.781356: Step 3320: Validation accuracy = 70.0% (N=100)
2017-03-13 14:32:17.424173: Step 3330: Train accuracy = 81.0%
2017-03-13 14:32:17.424225: Step 3330: Cross entropy = 0.740091
2017-03-13 14:32:17.483729: Step 3330: Validation accuracy = 77.0% (N=100)
2017-03-13 14:32:18.147499: Step 3340: Train accuracy = 81.0%
2017-03-13 14:32:18.147547: Step 3340: Cross entropy = 0.793544
2017-03-13 14:32:18.207327: Step 3340: Validation accuracy = 80.0% (N=100)
2017-03-13 14:32:18.797478: Step 3350: Train accuracy = 77.0%
2017-03-13 14:32:18.797522: Step 3350: Cross entropy = 0.966782
2017-03-13 14:32:18.854392: Step 3350: Validation accuracy = 81.0% (N=100)
2017-03-13 14:32:19.464313: Step 3360: Train accuracy = 79.0%
2017-03-13 14:32:19.464380: Step 3360: Cross entropy = 0.781325
2017-03-13 14:32:19.565627: Step 3360: Validation accuracy = 75.0% (N=100)
2017-03-13 14:32:20.300705: Step 3370: Train accuracy = 85.0%
2017-03-13 14:32:20.300778: Step 3370: Cross entropy = 0.749001
2017-03-13 14:32:20.406921: Step 3370: Validation accuracy = 71.0% (N=100)
2017-03-13 14:32:21.113444: Step 3380: Train accuracy = 77.0%
2017-03-13 14:32:21.113498: Step 3380: Cross entropy = 0.872401
2017-03-13 14:32:21.177325: Step 3380: Validation accuracy = 69.0% (N=100)
2017-03-13 14:32:21.916247: Step 3390: Train accuracy = 82.0%
2017-03-13 14:32:21.916301: Step 3390: Cross entropy = 0.786882
2017-03-13 14:32:21.978115: Step 3390: Validation accuracy = 67.0% (N=100)
2017-03-13 14:32:22.593692: Step 3400: Train accuracy = 85.0%
2017-03-13 14:32:22.593764: Step 3400: Cross entropy = 0.759277
2017-03-13 14:32:22.705826: Step 3400: Validation accuracy = 76.0% (N=100)
2017-03-13 14:32:23.380326: Step 3410: Train accuracy = 81.0%
2017-03-13 14:32:23.380377: Step 3410: Cross entropy = 0.810467
2017-03-13 14:32:23.442277: Step 3410: Validation accuracy = 79.0% (N=100)
2017-03-13 14:32:24.121462: Step 3420: Train accuracy = 84.0%
2017-03-13 14:32:24.121526: Step 3420: Cross entropy = 0.710303
2017-03-13 14:32:24.186759: Step 3420: Validation accuracy = 69.0% (N=100)
2017-03-13 14:32:24.810932: Step 3430: Train accuracy = 76.0%
2017-03-13 14:32:24.811003: Step 3430: Cross entropy = 0.919703
2017-03-13 14:32:24.871750: Step 3430: Validation accuracy = 72.0% (N=100)
2017-03-13 14:32:25.561418: Step 3440: Train accuracy = 84.0%
2017-03-13 14:32:25.561472: Step 3440: Cross entropy = 0.756695
2017-03-13 14:32:25.623579: Step 3440: Validation accuracy = 75.0% (N=100)
2017-03-13 14:32:26.338440: Step 3450: Train accuracy = 76.0%
2017-03-13 14:32:26.338488: Step 3450: Cross entropy = 0.935177
2017-03-13 14:32:26.394001: Step 3450: Validation accuracy = 72.0% (N=100)
2017-03-13 14:32:27.207263: Step 3460: Train accuracy = 81.0%
2017-03-13 14:32:27.207307: Step 3460: Cross entropy = 0.789641
2017-03-13 14:32:27.264193: Step 3460: Validation accuracy = 77.0% (N=100)
2017-03-13 14:32:27.958474: Step 3470: Train accuracy = 80.0%
2017-03-13 14:32:27.958523: Step 3470: Cross entropy = 0.842995
2017-03-13 14:32:28.019053: Step 3470: Validation accuracy = 74.0% (N=100)
2017-03-13 14:32:28.640822: Step 3480: Train accuracy = 82.0%
2017-03-13 14:32:28.640900: Step 3480: Cross entropy = 0.721575
2017-03-13 14:32:28.751441: Step 3480: Validation accuracy = 62.0% (N=100)
2017-03-13 14:32:29.368746: Step 3490: Train accuracy = 80.0%
2017-03-13 14:32:29.368792: Step 3490: Cross entropy = 0.814792
2017-03-13 14:32:29.427169: Step 3490: Validation accuracy = 76.0% (N=100)
2017-03-13 14:32:30.012329: Step 3500: Train accuracy = 86.0%
2017-03-13 14:32:30.012371: Step 3500: Cross entropy = 0.677442
2017-03-13 14:32:30.067843: Step 3500: Validation accuracy = 75.0% (N=100)
2017-03-13 14:32:30.651898: Step 3510: Train accuracy = 78.0%
2017-03-13 14:32:30.651945: Step 3510: Cross entropy = 0.823619
2017-03-13 14:32:30.708283: Step 3510: Validation accuracy = 78.0% (N=100)
2017-03-13 14:32:31.487220: Step 3520: Train accuracy = 74.0%
2017-03-13 14:32:31.487280: Step 3520: Cross entropy = 1.013607
2017-03-13 14:32:31.554572: Step 3520: Validation accuracy = 75.0% (N=100)
2017-03-13 14:32:32.299043: Step 3530: Train accuracy = 84.0%
2017-03-13 14:32:32.299093: Step 3530: Cross entropy = 0.742053
2017-03-13 14:32:32.357327: Step 3530: Validation accuracy = 67.0% (N=100)
2017-03-13 14:32:33.184572: Step 3540: Train accuracy = 75.0%
2017-03-13 14:32:33.184647: Step 3540: Cross entropy = 0.875503
2017-03-13 14:32:33.249179: Step 3540: Validation accuracy = 73.0% (N=100)
2017-03-13 14:32:34.095494: Step 3550: Train accuracy = 82.0%
2017-03-13 14:32:34.095545: Step 3550: Cross entropy = 0.860983
2017-03-13 14:32:34.154675: Step 3550: Validation accuracy = 77.0% (N=100)
2017-03-13 14:32:34.975575: Step 3560: Train accuracy = 78.0%
2017-03-13 14:32:34.975653: Step 3560: Cross entropy = 0.786153
2017-03-13 14:32:35.043850: Step 3560: Validation accuracy = 85.0% (N=100)
2017-03-13 14:32:35.714509: Step 3570: Train accuracy = 80.0%
2017-03-13 14:32:35.714560: Step 3570: Cross entropy = 0.867088
2017-03-13 14:32:35.776183: Step 3570: Validation accuracy = 76.0% (N=100)
2017-03-13 14:32:36.420868: Step 3580: Train accuracy = 79.0%
2017-03-13 14:32:36.420928: Step 3580: Cross entropy = 0.843133
2017-03-13 14:32:36.499024: Step 3580: Validation accuracy = 71.0% (N=100)
2017-03-13 14:32:37.275039: Step 3590: Train accuracy = 83.0%
2017-03-13 14:32:37.275119: Step 3590: Cross entropy = 0.722510
2017-03-13 14:32:37.392445: Step 3590: Validation accuracy = 79.0% (N=100)
2017-03-13 14:32:38.285734: Step 3600: Train accuracy = 77.0%
2017-03-13 14:32:38.285784: Step 3600: Cross entropy = 0.760115
2017-03-13 14:32:38.346994: Step 3600: Validation accuracy = 75.0% (N=100)
2017-03-13 14:32:39.157948: Step 3610: Train accuracy = 76.0%
2017-03-13 14:32:39.157997: Step 3610: Cross entropy = 0.842588
2017-03-13 14:32:39.217183: Step 3610: Validation accuracy = 78.0% (N=100)
2017-03-13 14:32:39.907373: Step 3620: Train accuracy = 78.0%
2017-03-13 14:32:39.907430: Step 3620: Cross entropy = 0.793094
2017-03-13 14:32:39.968025: Step 3620: Validation accuracy = 71.0% (N=100)
2017-03-13 14:32:40.812331: Step 3630: Train accuracy = 85.0%
2017-03-13 14:32:40.812400: Step 3630: Cross entropy = 0.789729
2017-03-13 14:32:40.898198: Step 3630: Validation accuracy = 78.0% (N=100)
2017-03-13 14:32:41.629349: Step 3640: Train accuracy = 85.0%
2017-03-13 14:32:41.629433: Step 3640: Cross entropy = 0.667449
2017-03-13 14:32:41.744140: Step 3640: Validation accuracy = 76.0% (N=100)
2017-03-13 14:32:42.570609: Step 3650: Train accuracy = 76.0%
2017-03-13 14:32:42.570662: Step 3650: Cross entropy = 0.850555
2017-03-13 14:32:42.629139: Step 3650: Validation accuracy = 76.0% (N=100)
2017-03-13 14:32:43.493447: Step 3660: Train accuracy = 77.0%
2017-03-13 14:32:43.493500: Step 3660: Cross entropy = 0.862951
2017-03-13 14:32:43.552328: Step 3660: Validation accuracy = 76.0% (N=100)
2017-03-13 14:32:44.326940: Step 3670: Train accuracy = 86.0%
2017-03-13 14:32:44.327042: Step 3670: Cross entropy = 0.652517
2017-03-13 14:32:44.397210: Step 3670: Validation accuracy = 77.0% (N=100)
2017-03-13 14:32:45.006546: Step 3680: Train accuracy = 76.0%
2017-03-13 14:32:45.006591: Step 3680: Cross entropy = 0.822861
2017-03-13 14:32:45.062893: Step 3680: Validation accuracy = 71.0% (N=100)
2017-03-13 14:32:45.816515: Step 3690: Train accuracy = 83.0%
2017-03-13 14:32:45.816566: Step 3690: Cross entropy = 0.817730
2017-03-13 14:32:45.875017: Step 3690: Validation accuracy = 74.0% (N=100)
2017-03-13 14:32:46.572203: Step 3700: Train accuracy = 73.0%
2017-03-13 14:32:46.572258: Step 3700: Cross entropy = 0.953404
2017-03-13 14:32:46.630393: Step 3700: Validation accuracy = 72.0% (N=100)
2017-03-13 14:32:47.423576: Step 3710: Train accuracy = 76.0%
2017-03-13 14:32:47.423643: Step 3710: Cross entropy = 0.930770
2017-03-13 14:32:47.501774: Step 3710: Validation accuracy = 82.0% (N=100)
2017-03-13 14:32:48.126572: Step 3720: Train accuracy = 72.0%
2017-03-13 14:32:48.126654: Step 3720: Cross entropy = 0.934807
2017-03-13 14:32:48.215598: Step 3720: Validation accuracy = 79.0% (N=100)
2017-03-13 14:32:48.892859: Step 3730: Train accuracy = 86.0%
2017-03-13 14:32:48.892907: Step 3730: Cross entropy = 0.677455
2017-03-13 14:32:48.951282: Step 3730: Validation accuracy = 76.0% (N=100)
2017-03-13 14:32:49.568034: Step 3740: Train accuracy = 79.0%
2017-03-13 14:32:49.568081: Step 3740: Cross entropy = 0.818174
2017-03-13 14:32:49.626398: Step 3740: Validation accuracy = 84.0% (N=100)
2017-03-13 14:32:50.349016: Step 3750: Train accuracy = 86.0%
2017-03-13 14:32:50.349069: Step 3750: Cross entropy = 0.622694
2017-03-13 14:32:50.408632: Step 3750: Validation accuracy = 76.0% (N=100)
2017-03-13 14:32:51.081027: Step 3760: Train accuracy = 83.0%
2017-03-13 14:32:51.081089: Step 3760: Cross entropy = 0.815526
2017-03-13 14:32:51.139963: Step 3760: Validation accuracy = 70.0% (N=100)
2017-03-13 14:32:51.880364: Step 3770: Train accuracy = 83.0%
2017-03-13 14:32:51.880442: Step 3770: Cross entropy = 0.840527
2017-03-13 14:32:51.994370: Step 3770: Validation accuracy = 76.0% (N=100)
2017-03-13 14:32:52.778247: Step 3780: Train accuracy = 85.0%
2017-03-13 14:32:52.778334: Step 3780: Cross entropy = 0.630705
2017-03-13 14:32:52.845731: Step 3780: Validation accuracy = 72.0% (N=100)
2017-03-13 14:32:53.635191: Step 3790: Train accuracy = 82.0%
2017-03-13 14:32:53.635270: Step 3790: Cross entropy = 0.814083
2017-03-13 14:32:53.751079: Step 3790: Validation accuracy = 73.0% (N=100)
2017-03-13 14:32:54.542914: Step 3800: Train accuracy = 78.0%
2017-03-13 14:32:54.543020: Step 3800: Cross entropy = 0.863620
2017-03-13 14:32:54.657523: Step 3800: Validation accuracy = 81.0% (N=100)
2017-03-13 14:32:55.384327: Step 3810: Train accuracy = 76.0%
2017-03-13 14:32:55.384376: Step 3810: Cross entropy = 0.900536
2017-03-13 14:32:55.447354: Step 3810: Validation accuracy = 79.0% (N=100)
2017-03-13 14:32:56.183142: Step 3820: Train accuracy = 81.0%
2017-03-13 14:32:56.183200: Step 3820: Cross entropy = 0.852924
2017-03-13 14:32:56.246664: Step 3820: Validation accuracy = 82.0% (N=100)
2017-03-13 14:32:56.997242: Step 3830: Train accuracy = 77.0%
2017-03-13 14:32:56.997298: Step 3830: Cross entropy = 0.784866
2017-03-13 14:32:57.058722: Step 3830: Validation accuracy = 68.0% (N=100)
2017-03-13 14:32:57.668812: Step 3840: Train accuracy = 82.0%
2017-03-13 14:32:57.668880: Step 3840: Cross entropy = 0.705941
2017-03-13 14:32:57.770587: Step 3840: Validation accuracy = 71.0% (N=100)
2017-03-13 14:32:58.593094: Step 3850: Train accuracy = 83.0%
2017-03-13 14:32:58.593158: Step 3850: Cross entropy = 0.787266
2017-03-13 14:32:58.666000: Step 3850: Validation accuracy = 80.0% (N=100)
2017-03-13 14:32:59.289730: Step 3860: Train accuracy = 80.0%
2017-03-13 14:32:59.289782: Step 3860: Cross entropy = 0.825279
2017-03-13 14:32:59.350610: Step 3860: Validation accuracy = 78.0% (N=100)
2017-03-13 14:33:00.118477: Step 3870: Train accuracy = 84.0%
2017-03-13 14:33:00.118529: Step 3870: Cross entropy = 0.693668
2017-03-13 14:33:00.177530: Step 3870: Validation accuracy = 70.0% (N=100)
2017-03-13 14:33:00.803434: Step 3880: Train accuracy = 83.0%
2017-03-13 14:33:00.803506: Step 3880: Cross entropy = 0.670967
2017-03-13 14:33:00.911326: Step 3880: Validation accuracy = 71.0% (N=100)
2017-03-13 14:33:01.636936: Step 3890: Train accuracy = 69.0%
2017-03-13 14:33:01.636987: Step 3890: Cross entropy = 1.129522
2017-03-13 14:33:01.698277: Step 3890: Validation accuracy = 76.0% (N=100)
2017-03-13 14:33:02.351706: Step 3900: Train accuracy = 84.0%
2017-03-13 14:33:02.351759: Step 3900: Cross entropy = 0.734479
2017-03-13 14:33:02.411455: Step 3900: Validation accuracy = 67.0% (N=100)
2017-03-13 14:33:03.000555: Step 3910: Train accuracy = 82.0%
2017-03-13 14:33:03.000601: Step 3910: Cross entropy = 0.793696
2017-03-13 14:33:03.061370: Step 3910: Validation accuracy = 71.0% (N=100)
2017-03-13 14:33:03.668208: Step 3920: Train accuracy = 81.0%
2017-03-13 14:33:03.668257: Step 3920: Cross entropy = 0.794324
2017-03-13 14:33:03.727035: Step 3920: Validation accuracy = 74.0% (N=100)
2017-03-13 14:33:04.416478: Step 3930: Train accuracy = 83.0%
2017-03-13 14:33:04.416527: Step 3930: Cross entropy = 0.743421
2017-03-13 14:33:04.475759: Step 3930: Validation accuracy = 74.0% (N=100)
2017-03-13 14:33:05.197632: Step 3940: Train accuracy = 79.0%
2017-03-13 14:33:05.197683: Step 3940: Cross entropy = 0.806692
2017-03-13 14:33:05.256738: Step 3940: Validation accuracy = 76.0% (N=100)
2017-03-13 14:33:06.066837: Step 3950: Train accuracy = 79.0%
2017-03-13 14:33:06.066888: Step 3950: Cross entropy = 0.837742
2017-03-13 14:33:06.128477: Step 3950: Validation accuracy = 80.0% (N=100)
2017-03-13 14:33:06.843935: Step 3960: Train accuracy = 78.0%
2017-03-13 14:33:06.843986: Step 3960: Cross entropy = 0.917687
2017-03-13 14:33:06.902615: Step 3960: Validation accuracy = 80.0% (N=100)
2017-03-13 14:33:07.502774: Step 3970: Train accuracy = 82.0%
2017-03-13 14:33:07.502819: Step 3970: Cross entropy = 0.712796
2017-03-13 14:33:07.558815: Step 3970: Validation accuracy = 76.0% (N=100)
2017-03-13 14:33:08.169438: Step 3980: Train accuracy = 78.0%
2017-03-13 14:33:08.169491: Step 3980: Cross entropy = 0.916931
2017-03-13 14:33:08.230324: Step 3980: Validation accuracy = 66.0% (N=100)
2017-03-13 14:33:08.975770: Step 3990: Train accuracy = 81.0%
2017-03-13 14:33:08.975844: Step 3990: Cross entropy = 0.832087
2017-03-13 14:33:09.085520: Step 3990: Validation accuracy = 75.0% (N=100)
2017-03-13 14:33:09.791273: Step 3999: Train accuracy = 85.0%
2017-03-13 14:33:09.791327: Step 3999: Cross entropy = 0.621125
2017-03-13 14:33:09.850908: Step 3999: Validation accuracy = 71.0% (N=100)
Final test accuracy = 65.0% (N=297)
Converted 2 variables to const ops.
